[0;32m[INFO][0m Stage 1: Building Isaac ROS Common interfaces...
[2.318s] WARNING:colcon.colcon_core.package_selection:Some selected packages are already built in one or more underlay workspaces:
	'isaac_ros_tensor_list_interfaces' is in: /home/jetros/ros2_ws/install/isaac_ros_tensor_list_interfaces
If a package in a merged underlay workspace is overridden and it installs headers, then all packages in the overlay must sort their include directories by workspace order. Failure to do so may result in build failures or undefined behavior at run time.
If the overridden package is used by another package in any underlay, then the overriding package in the overlay must be API and ABI compatible or undefined behavior at run time may occur.

If you understand the risks and want to override a package anyways, add the following to the command line:
	--allow-overriding isaac_ros_tensor_list_interfaces

This may be promoted to an error in a future release of colcon-override-check.
Starting >>> isaac_ros_tensor_list_interfaces
Finished <<< isaac_ros_tensor_list_interfaces [13.5s]
Starting >>> isaac_ros_apriltag_interfaces
Finished <<< isaac_ros_apriltag_interfaces [11.6s]
Starting >>> isaac_ros_bi3d_interfaces
Finished <<< isaac_ros_bi3d_interfaces [10.0s]
Starting >>> isaac_ros_nova_interfaces
Finished <<< isaac_ros_nova_interfaces [12.0s]
Starting >>> isaac_ros_pointcloud_interfaces
Finished <<< isaac_ros_pointcloud_interfaces [11.1s]
Starting >>> isaac_ros_nitros_bridge_interfaces
Finished <<< isaac_ros_nitros_bridge_interfaces [12.1s]

Summary: 6 packages finished [1min 12s]
[0;32m[INFO][0m Stage 2: Building Isaac ROS Common core packages...
[2.325s] WARNING:colcon.colcon_core.package_selection:Some selected packages are already built in one or more underlay workspaces:
	'isaac_ros_test' is in: /home/jetros/ros2_ws/install/isaac_ros_test
	'isaac_common' is in: /home/jetros/ros2_ws/install/isaac_common
	'isaac_ros_common' is in: /home/jetros/ros2_ws/install/isaac_ros_common
If a package in a merged underlay workspace is overridden and it installs headers, then all packages in the overlay must sort their include directories by workspace order. Failure to do so may result in build failures or undefined behavior at run time.
If the overridden package is used by another package in any underlay, then the overriding package in the overlay must be API and ABI compatible or undefined behavior at run time may occur.

If you understand the risks and want to override a package anyways, add the following to the command line:
	--allow-overriding isaac_common isaac_ros_common isaac_ros_test

This may be promoted to an error in a future release of colcon-override-check.
Starting >>> isaac_ros_common
Finished <<< isaac_ros_common [1.08s]
Starting >>> isaac_ros_launch_utils
Finished <<< isaac_ros_launch_utils [3.24s]
Starting >>> isaac_ros_r2b_galileo
Finished <<< isaac_ros_r2b_galileo [0.28s]
Starting >>> isaac_common
Finished <<< isaac_common [0.31s]
Starting >>> isaac_common_py
Finished <<< isaac_common_py [3.07s]
Starting >>> isaac_ros_test
Finished <<< isaac_ros_test [3.10s]
Starting >>> isaac_ros_rosbag_utils
--- stderr: isaac_ros_rosbag_utils
package init file 'isaac_ros_rosbag_utils/scripts/__init__.py' not found (or not a regular file)
---
Finished <<< isaac_ros_rosbag_utils [3.09s]
Starting >>> isaac_ros_test_cmake
Finished <<< isaac_ros_test_cmake [0.27s]

Summary: 8 packages finished [16.6s]
  1 package had stderr output: isaac_ros_rosbag_utils
[0;32m[INFO][0m Stage 3: Building Isaac ROS GXF Extensions (image pipeline)...
Starting >>> gxf_isaac_image_flip
[2.389s] ERROR:colcon.colcon_cmake.task.cmake.build:Failed to find the following files:
- /home/jetros/ros2_ws/install/isaac_ros_gxf/share/isaac_ros_gxf/package.sh
Check that the following packages have been built:
- isaac_ros_gxf
Failed   <<< gxf_isaac_image_flip [0.02s, exited with code 1]

Summary: 0 packages finished [2.21s]
  1 package failed: gxf_isaac_image_flip
  4 packages not processed
[0;32m[INFO][0m Stage 4: Building Isaac ROS Image Pipeline...
[2.355s] WARNING:colcon.colcon_core.package_selection:Some selected packages are already built in one or more underlay workspaces:
	'isaac_ros_stereo_image_proc' is in: /home/jetros/ros2_ws/install/isaac_ros_stereo_image_proc
If a package in a merged underlay workspace is overridden and it installs headers, then all packages in the overlay must sort their include directories by workspace order. Failure to do so may result in build failures or undefined behavior at run time.
If the overridden package is used by another package in any underlay, then the overriding package in the overlay must be API and ABI compatible or undefined behavior at run time may occur.

If you understand the risks and want to override a package anyways, add the following to the command line:
	--allow-overriding isaac_ros_stereo_image_proc

This may be promoted to an error in a future release of colcon-override-check.
Starting >>> isaac_ros_stereo_image_proc
[2.392s] ERROR:colcon.colcon_cmake.task.cmake.build:Failed to find the following files:
- /home/jetros/ros2_ws/install/negotiated_interfaces/share/negotiated_interfaces/package.sh
- /home/jetros/ros2_ws/install/isaac_ros_gxf/share/isaac_ros_gxf/package.sh
- /home/jetros/ros2_ws/install/negotiated/share/negotiated/package.sh
- /home/jetros/ros2_ws/install/gxf_isaac_gems/share/gxf_isaac_gems/package.sh
- /home/jetros/ros2_ws/install/gxf_isaac_message_compositor/share/gxf_isaac_message_compositor/package.sh
- /home/jetros/ros2_ws/install/gxf_isaac_optimizer/share/gxf_isaac_optimizer/package.sh
- /home/jetros/ros2_ws/install/gxf_isaac_point_cloud/share/gxf_isaac_point_cloud/package.sh
- /home/jetros/ros2_ws/install/gxf_isaac_ros_messages/share/gxf_isaac_ros_messages/package.sh
- /home/jetros/ros2_ws/install/gxf_isaac_sight/share/gxf_isaac_sight/package.sh
- /home/jetros/ros2_ws/install/gxf_isaac_atlas/share/gxf_isaac_atlas/package.sh
- /home/jetros/ros2_ws/install/gxf_isaac_gxf_helpers/share/gxf_isaac_gxf_helpers/package.sh
- /home/jetros/ros2_ws/install/gxf_isaac_messages/share/gxf_isaac_messages/package.sh
- /home/jetros/ros2_ws/install/gxf_isaac_sgm/share/gxf_isaac_sgm/package.sh
- /home/jetros/ros2_ws/install/gxf_isaac_utils/share/gxf_isaac_utils/package.sh
- /home/jetros/ros2_ws/install/isaac_ros_nitros/share/isaac_ros_nitros/package.sh
- /home/jetros/ros2_ws/install/isaac_ros_nitros_camera_info_type/share/isaac_ros_nitros_camera_info_type/package.sh
- /home/jetros/ros2_ws/install/isaac_ros_nitros_disparity_image_type/share/isaac_ros_nitros_disparity_image_type/package.sh
- /home/jetros/ros2_ws/install/isaac_ros_nitros_image_type/share/isaac_ros_nitros_image_type/package.sh
- /home/jetros/ros2_ws/install/isaac_ros_nitros_point_cloud_type/share/isaac_ros_nitros_point_cloud_type/package.sh
Check that the following packages have been built:
- negotiated_interfaces
- isaac_ros_gxf
- negotiated
- gxf_isaac_gems
- gxf_isaac_message_compositor
- gxf_isaac_optimizer
- gxf_isaac_point_cloud
- gxf_isaac_ros_messages
- gxf_isaac_sight
- gxf_isaac_atlas
- gxf_isaac_gxf_helpers
- gxf_isaac_messages
- gxf_isaac_sgm
- gxf_isaac_utils
- isaac_ros_nitros
- isaac_ros_nitros_camera_info_type
- isaac_ros_nitros_disparity_image_type
- isaac_ros_nitros_image_type
- isaac_ros_nitros_point_cloud_type
Failed   <<< isaac_ros_stereo_image_proc [0.02s, exited with code 1]

Summary: 0 packages finished [2.21s]
  1 package failed: isaac_ros_stereo_image_proc
  3 packages not processed
[0;32m[INFO][0m Stage 5: Building Isaac ROS DNN Inference GXF extensions...
Starting >>> gxf_isaac_triton
[2.401s] ERROR:colcon.colcon_cmake.task.cmake.build:Failed to find the following files:
- /home/jetros/ros2_ws/install/isaac_ros_gxf/share/isaac_ros_gxf/package.sh
Check that the following packages have been built:
- isaac_ros_gxf
Failed   <<< gxf_isaac_triton [0.02s, exited with code 1]

Summary: 0 packages finished [2.22s]
  1 package failed: gxf_isaac_triton
  1 package not processed
[0;32m[INFO][0m Stage 5b: Building Isaac ROS DNN Inference base packages...
Starting >>> isaac_ros_tensor_proc
[2.388s] ERROR:colcon.colcon_cmake.task.cmake.build:Failed to find the following files:
- /home/jetros/ros2_ws/install/negotiated_interfaces/share/negotiated_interfaces/package.sh
- /home/jetros/ros2_ws/install/isaac_ros_gxf/share/isaac_ros_gxf/package.sh
- /home/jetros/ros2_ws/install/negotiated/share/negotiated/package.sh
- /home/jetros/ros2_ws/install/gxf_isaac_gems/share/gxf_isaac_gems/package.sh
- /home/jetros/ros2_ws/install/gxf_isaac_message_compositor/share/gxf_isaac_message_compositor/package.sh
- /home/jetros/ros2_ws/install/gxf_isaac_optimizer/share/gxf_isaac_optimizer/package.sh
- /home/jetros/ros2_ws/install/gxf_isaac_sight/share/gxf_isaac_sight/package.sh
- /home/jetros/ros2_ws/install/gxf_isaac_atlas/share/gxf_isaac_atlas/package.sh
- /home/jetros/ros2_ws/install/gxf_isaac_gxf_helpers/share/gxf_isaac_gxf_helpers/package.sh
- /home/jetros/ros2_ws/install/gxf_isaac_messages/share/gxf_isaac_messages/package.sh
- /home/jetros/ros2_ws/install/gxf_isaac_tensorops/share/gxf_isaac_tensorops/package.sh
- /home/jetros/ros2_ws/install/isaac_ros_nitros/share/isaac_ros_nitros/package.sh
- /home/jetros/ros2_ws/install/isaac_ros_nitros_camera_info_type/share/isaac_ros_nitros_camera_info_type/package.sh
- /home/jetros/ros2_ws/install/isaac_ros_nitros_image_type/share/isaac_ros_nitros_image_type/package.sh
- /home/jetros/ros2_ws/install/isaac_ros_nitros_tensor_list_type/share/isaac_ros_nitros_tensor_list_type/package.sh
- /home/jetros/ros2_ws/install/isaac_ros_managed_nitros/share/isaac_ros_managed_nitros/package.sh
- /home/jetros/ros2_ws/install/isaac_ros_image_proc/share/isaac_ros_image_proc/package.sh
Check that the following packages have been built:
- negotiated_interfaces
- isaac_ros_gxf
- negotiated
- gxf_isaac_gems
- gxf_isaac_message_compositor
- gxf_isaac_optimizer
- gxf_isaac_sight
- gxf_isaac_atlas
- gxf_isaac_gxf_helpers
- gxf_isaac_messages
- gxf_isaac_tensorops
- isaac_ros_nitros
- isaac_ros_nitros_camera_info_type
- isaac_ros_nitros_image_type
- isaac_ros_nitros_tensor_list_type
- isaac_ros_managed_nitros
- isaac_ros_image_proc
Failed   <<< isaac_ros_tensor_proc [0.02s, exited with code 1]

Summary: 0 packages finished [2.20s]
  1 package failed: isaac_ros_tensor_proc
  3 packages not processed
[0;32m[INFO][0m Stage 6: Building Isaac ROS Object Detection...
Starting >>> isaac_ros_detectnet
[2.381s] ERROR:colcon.colcon_cmake.task.cmake.build:Failed to find the following files:
- /home/jetros/ros2_ws/install/negotiated_interfaces/share/negotiated_interfaces/package.sh
- /home/jetros/ros2_ws/install/isaac_ros_gxf/share/isaac_ros_gxf/package.sh
- /home/jetros/ros2_ws/install/negotiated/share/negotiated/package.sh
- /home/jetros/ros2_ws/install/gxf_isaac_gems/share/gxf_isaac_gems/package.sh
- /home/jetros/ros2_ws/install/gxf_isaac_message_compositor/share/gxf_isaac_message_compositor/package.sh
- /home/jetros/ros2_ws/install/gxf_isaac_optimizer/share/gxf_isaac_optimizer/package.sh
- /home/jetros/ros2_ws/install/gxf_isaac_sight/share/gxf_isaac_sight/package.sh
- /home/jetros/ros2_ws/install/gxf_isaac_atlas/share/gxf_isaac_atlas/package.sh
- /home/jetros/ros2_ws/install/gxf_isaac_gxf_helpers/share/gxf_isaac_gxf_helpers/package.sh
- /home/jetros/ros2_ws/install/gxf_isaac_messages/share/gxf_isaac_messages/package.sh
- /home/jetros/ros2_ws/install/gxf_isaac_tensorops/share/gxf_isaac_tensorops/package.sh
- /home/jetros/ros2_ws/install/isaac_ros_nitros/share/isaac_ros_nitros/package.sh
- /home/jetros/ros2_ws/install/isaac_ros_nitros_camera_info_type/share/isaac_ros_nitros_camera_info_type/package.sh
- /home/jetros/ros2_ws/install/isaac_ros_nitros_detection2_d_array_type/share/isaac_ros_nitros_detection2_d_array_type/package.sh
- /home/jetros/ros2_ws/install/isaac_ros_nitros_image_type/share/isaac_ros_nitros_image_type/package.sh
- /home/jetros/ros2_ws/install/isaac_ros_nitros_tensor_list_type/share/isaac_ros_nitros_tensor_list_type/package.sh
- /home/jetros/ros2_ws/install/gxf_isaac_detectnet/share/gxf_isaac_detectnet/package.sh
- /home/jetros/ros2_ws/install/isaac_ros_managed_nitros/share/isaac_ros_managed_nitros/package.sh
- /home/jetros/ros2_ws/install/isaac_ros_triton/share/isaac_ros_triton/package.sh
- /home/jetros/ros2_ws/install/isaac_ros_image_proc/share/isaac_ros_image_proc/package.sh
- /home/jetros/ros2_ws/install/isaac_ros_dnn_image_encoder/share/isaac_ros_dnn_image_encoder/package.sh
Check that the following packages have been built:
- negotiated_interfaces
- isaac_ros_gxf
- negotiated
- gxf_isaac_gems
- gxf_isaac_message_compositor
- gxf_isaac_optimizer
- gxf_isaac_sight
- gxf_isaac_atlas
- gxf_isaac_gxf_helpers
- gxf_isaac_messages
- gxf_isaac_tensorops
- isaac_ros_nitros
- isaac_ros_nitros_camera_info_type
- isaac_ros_nitros_detection2_d_array_type
- isaac_ros_nitros_image_type
- isaac_ros_nitros_tensor_list_type
- gxf_isaac_detectnet
- isaac_ros_managed_nitros
- isaac_ros_triton
- isaac_ros_image_proc
- isaac_ros_dnn_image_encoder
Failed   <<< isaac_ros_detectnet [0.02s, exited with code 1]

Summary: 0 packages finished [2.20s]
  1 package failed: isaac_ros_detectnet
  2 packages not processed
[0;32m[INFO][0m Stage 7: Building Isaac ROS DNN Stereo Depth...
Starting >>> isaac_ros_ess
[2.371s] ERROR:colcon.colcon_cmake.task.cmake.build:Failed to find the following files:
- /home/jetros/ros2_ws/install/negotiated_interfaces/share/negotiated_interfaces/package.sh
- /home/jetros/ros2_ws/install/isaac_ros_ess_models_install/share/isaac_ros_ess_models_install/package.sh
- /home/jetros/ros2_ws/install/isaac_ros_gxf/share/isaac_ros_gxf/package.sh
- /home/jetros/ros2_ws/install/negotiated/share/negotiated/package.sh
- /home/jetros/ros2_ws/install/gxf_isaac_gems/share/gxf_isaac_gems/package.sh
- /home/jetros/ros2_ws/install/gxf_isaac_message_compositor/share/gxf_isaac_message_compositor/package.sh
- /home/jetros/ros2_ws/install/gxf_isaac_messages_throttler/share/gxf_isaac_messages_throttler/package.sh
- /home/jetros/ros2_ws/install/gxf_isaac_optimizer/share/gxf_isaac_optimizer/package.sh
- /home/jetros/ros2_ws/install/gxf_isaac_point_cloud/share/gxf_isaac_point_cloud/package.sh
- /home/jetros/ros2_ws/install/gxf_isaac_ros_messages/share/gxf_isaac_ros_messages/package.sh
- /home/jetros/ros2_ws/install/gxf_isaac_sight/share/gxf_isaac_sight/package.sh
- /home/jetros/ros2_ws/install/gxf_isaac_atlas/share/gxf_isaac_atlas/package.sh
- /home/jetros/ros2_ws/install/gxf_isaac_gxf_helpers/share/gxf_isaac_gxf_helpers/package.sh
- /home/jetros/ros2_ws/install/gxf_isaac_messages/share/gxf_isaac_messages/package.sh
- /home/jetros/ros2_ws/install/gxf_isaac_sgm/share/gxf_isaac_sgm/package.sh
- /home/jetros/ros2_ws/install/gxf_isaac_tensorops/share/gxf_isaac_tensorops/package.sh
- /home/jetros/ros2_ws/install/gxf_isaac_utils/share/gxf_isaac_utils/package.sh
- /home/jetros/ros2_ws/install/isaac_ros_nitros/share/isaac_ros_nitros/package.sh
- /home/jetros/ros2_ws/install/gxf_isaac_ess/share/gxf_isaac_ess/package.sh
- /home/jetros/ros2_ws/install/gxf_isaac_video_buffer_utils/share/gxf_isaac_video_buffer_utils/package.sh
- /home/jetros/ros2_ws/install/isaac_ros_nitros_camera_info_type/share/isaac_ros_nitros_camera_info_type/package.sh
- /home/jetros/ros2_ws/install/isaac_ros_nitros_disparity_image_type/share/isaac_ros_nitros_disparity_image_type/package.sh
- /home/jetros/ros2_ws/install/isaac_ros_nitros_image_type/share/isaac_ros_nitros_image_type/package.sh
- /home/jetros/ros2_ws/install/isaac_ros_nitros_point_cloud_type/share/isaac_ros_nitros_point_cloud_type/package.sh
- /home/jetros/ros2_ws/install/isaac_ros_nitros_tensor_list_type/share/isaac_ros_nitros_tensor_list_type/package.sh
- /home/jetros/ros2_ws/install/isaac_ros_managed_nitros/share/isaac_ros_managed_nitros/package.sh
- /home/jetros/ros2_ws/install/isaac_ros_image_proc/share/isaac_ros_image_proc/package.sh
Check that the following packages have been built:
- negotiated_interfaces
- isaac_ros_ess_models_install
- isaac_ros_gxf
- negotiated
- gxf_isaac_gems
- gxf_isaac_message_compositor
- gxf_isaac_messages_throttler
- gxf_isaac_optimizer
- gxf_isaac_point_cloud
- gxf_isaac_ros_messages
- gxf_isaac_sight
- gxf_isaac_atlas
- gxf_isaac_gxf_helpers
- gxf_isaac_messages
- gxf_isaac_sgm
- gxf_isaac_tensorops
- gxf_isaac_utils
- isaac_ros_nitros
- gxf_isaac_ess
- gxf_isaac_video_buffer_utils
- isaac_ros_nitros_camera_info_type
- isaac_ros_nitros_disparity_image_type
- isaac_ros_nitros_image_type
- isaac_ros_nitros_point_cloud_type
- isaac_ros_nitros_tensor_list_type
- isaac_ros_managed_nitros
- isaac_ros_image_proc
Failed   <<< isaac_ros_ess [0.02s, exited with code 1]

Summary: 0 packages finished [2.19s]
  1 package failed: isaac_ros_ess
[0;32m[INFO][0m Stage 8: Building Isaac ROS Image Segmentation...
Starting >>> isaac_ros_unet
[2.385s] ERROR:colcon.colcon_cmake.task.cmake.build:Failed to find the following files:
- /home/jetros/ros2_ws/install/negotiated_interfaces/share/negotiated_interfaces/package.sh
- /home/jetros/ros2_ws/install/isaac_ros_gxf/share/isaac_ros_gxf/package.sh
- /home/jetros/ros2_ws/install/negotiated/share/negotiated/package.sh
- /home/jetros/ros2_ws/install/gxf_isaac_gems/share/gxf_isaac_gems/package.sh
- /home/jetros/ros2_ws/install/gxf_isaac_message_compositor/share/gxf_isaac_message_compositor/package.sh
- /home/jetros/ros2_ws/install/gxf_isaac_optimizer/share/gxf_isaac_optimizer/package.sh
- /home/jetros/ros2_ws/install/gxf_isaac_ros_unet/share/gxf_isaac_ros_unet/package.sh
- /home/jetros/ros2_ws/install/gxf_isaac_sight/share/gxf_isaac_sight/package.sh
- /home/jetros/ros2_ws/install/gxf_isaac_atlas/share/gxf_isaac_atlas/package.sh
- /home/jetros/ros2_ws/install/gxf_isaac_gxf_helpers/share/gxf_isaac_gxf_helpers/package.sh
- /home/jetros/ros2_ws/install/gxf_isaac_messages/share/gxf_isaac_messages/package.sh
- /home/jetros/ros2_ws/install/gxf_isaac_tensorops/share/gxf_isaac_tensorops/package.sh
- /home/jetros/ros2_ws/install/isaac_ros_nitros/share/isaac_ros_nitros/package.sh
- /home/jetros/ros2_ws/install/gxf_isaac_tensor_rt/share/gxf_isaac_tensor_rt/package.sh
- /home/jetros/ros2_ws/install/isaac_ros_nitros_camera_info_type/share/isaac_ros_nitros_camera_info_type/package.sh
- /home/jetros/ros2_ws/install/isaac_ros_nitros_image_type/share/isaac_ros_nitros_image_type/package.sh
- /home/jetros/ros2_ws/install/isaac_ros_nitros_tensor_list_type/share/isaac_ros_nitros_tensor_list_type/package.sh
- /home/jetros/ros2_ws/install/isaac_ros_managed_nitros/share/isaac_ros_managed_nitros/package.sh
- /home/jetros/ros2_ws/install/isaac_ros_tensor_rt/share/isaac_ros_tensor_rt/package.sh
- /home/jetros/ros2_ws/install/isaac_ros_triton/share/isaac_ros_triton/package.sh
- /home/jetros/ros2_ws/install/isaac_ros_image_proc/share/isaac_ros_image_proc/package.sh
- /home/jetros/ros2_ws/install/isaac_ros_dnn_image_encoder/share/isaac_ros_dnn_image_encoder/package.sh
Check that the following packages have been built:
- negotiated_interfaces
- isaac_ros_gxf
- negotiated
- gxf_isaac_gems
- gxf_isaac_message_compositor
- gxf_isaac_optimizer
- gxf_isaac_ros_unet
- gxf_isaac_sight
- gxf_isaac_atlas
- gxf_isaac_gxf_helpers
- gxf_isaac_messages
- gxf_isaac_tensorops
- isaac_ros_nitros
- gxf_isaac_tensor_rt
- isaac_ros_nitros_camera_info_type
- isaac_ros_nitros_image_type
- isaac_ros_nitros_tensor_list_type
- isaac_ros_managed_nitros
- isaac_ros_tensor_rt
- isaac_ros_triton
- isaac_ros_image_proc
- isaac_ros_dnn_image_encoder
Failed   <<< isaac_ros_unet [0.02s, exited with code 1]

Summary: 0 packages finished [2.20s]
  1 package failed: isaac_ros_unet
  2 packages not processed
[0;32m[INFO][0m Stage 9: Building Isaac ROS Pose Estimation...
Starting >>> isaac_ros_pose_proc
Finished <<< isaac_ros_pose_proc [0.66s]
Starting >>> isaac_ros_centerpose
[3.060s] ERROR:colcon.colcon_cmake.task.cmake.build:Failed to find the following files:
- /home/jetros/ros2_ws/install/negotiated_interfaces/share/negotiated_interfaces/package.sh
- /home/jetros/ros2_ws/install/isaac_ros_gxf/share/isaac_ros_gxf/package.sh
- /home/jetros/ros2_ws/install/negotiated/share/negotiated/package.sh
- /home/jetros/ros2_ws/install/gxf_isaac_gems/share/gxf_isaac_gems/package.sh
- /home/jetros/ros2_ws/install/gxf_isaac_message_compositor/share/gxf_isaac_message_compositor/package.sh
- /home/jetros/ros2_ws/install/gxf_isaac_optimizer/share/gxf_isaac_optimizer/package.sh
- /home/jetros/ros2_ws/install/gxf_isaac_sight/share/gxf_isaac_sight/package.sh
- /home/jetros/ros2_ws/install/gxf_isaac_atlas/share/gxf_isaac_atlas/package.sh
- /home/jetros/ros2_ws/install/gxf_isaac_gxf_helpers/share/gxf_isaac_gxf_helpers/package.sh
- /home/jetros/ros2_ws/install/gxf_isaac_messages/share/gxf_isaac_messages/package.sh
- /home/jetros/ros2_ws/install/gxf_isaac_tensorops/share/gxf_isaac_tensorops/package.sh
- /home/jetros/ros2_ws/install/isaac_ros_nitros/share/isaac_ros_nitros/package.sh
- /home/jetros/ros2_ws/install/gxf_isaac_tensor_rt/share/gxf_isaac_tensor_rt/package.sh
- /home/jetros/ros2_ws/install/isaac_ros_nitros_camera_info_type/share/isaac_ros_nitros_camera_info_type/package.sh
- /home/jetros/ros2_ws/install/isaac_ros_nitros_detection3_d_array_type/share/isaac_ros_nitros_detection3_d_array_type/package.sh
- /home/jetros/ros2_ws/install/isaac_ros_nitros_image_type/share/isaac_ros_nitros_image_type/package.sh
- /home/jetros/ros2_ws/install/isaac_ros_nitros_tensor_list_type/share/isaac_ros_nitros_tensor_list_type/package.sh
- /home/jetros/ros2_ws/install/gxf_isaac_centerpose/share/gxf_isaac_centerpose/package.sh
- /home/jetros/ros2_ws/install/isaac_ros_managed_nitros/share/isaac_ros_managed_nitros/package.sh
- /home/jetros/ros2_ws/install/isaac_ros_tensor_rt/share/isaac_ros_tensor_rt/package.sh
- /home/jetros/ros2_ws/install/isaac_ros_triton/share/isaac_ros_triton/package.sh
- /home/jetros/ros2_ws/install/isaac_ros_image_proc/share/isaac_ros_image_proc/package.sh
- /home/jetros/ros2_ws/install/isaac_ros_dnn_image_encoder/share/isaac_ros_dnn_image_encoder/package.sh
Check that the following packages have been built:
- negotiated_interfaces
- isaac_ros_gxf
- negotiated
- gxf_isaac_gems
- gxf_isaac_message_compositor
- gxf_isaac_optimizer
- gxf_isaac_sight
- gxf_isaac_atlas
- gxf_isaac_gxf_helpers
- gxf_isaac_messages
- gxf_isaac_tensorops
- isaac_ros_nitros
- gxf_isaac_tensor_rt
- isaac_ros_nitros_camera_info_type
- isaac_ros_nitros_detection3_d_array_type
- isaac_ros_nitros_image_type
- isaac_ros_nitros_tensor_list_type
- gxf_isaac_centerpose
- isaac_ros_managed_nitros
- isaac_ros_tensor_rt
- isaac_ros_triton
- isaac_ros_image_proc
- isaac_ros_dnn_image_encoder
Failed   <<< isaac_ros_centerpose [0.03s, exited with code 1]

Summary: 1 package finished [2.87s]
  1 package failed: isaac_ros_centerpose
  2 packages not processed
[0;32m[INFO][0m Stage 10: Building Isaac ROS AprilTag...
Starting >>> isaac_ros_apriltag
[2.392s] ERROR:colcon.colcon_cmake.task.cmake.build:Failed to find the following files:
- /home/jetros/ros2_ws/install/negotiated_interfaces/share/negotiated_interfaces/package.sh
- /home/jetros/ros2_ws/install/isaac_ros_gxf/share/isaac_ros_gxf/package.sh
- /home/jetros/ros2_ws/install/negotiated/share/negotiated/package.sh
- /home/jetros/ros2_ws/install/gxf_isaac_gems/share/gxf_isaac_gems/package.sh
- /home/jetros/ros2_ws/install/gxf_isaac_message_compositor/share/gxf_isaac_message_compositor/package.sh
- /home/jetros/ros2_ws/install/gxf_isaac_optimizer/share/gxf_isaac_optimizer/package.sh
- /home/jetros/ros2_ws/install/gxf_isaac_sight/share/gxf_isaac_sight/package.sh
- /home/jetros/ros2_ws/install/gxf_isaac_atlas/share/gxf_isaac_atlas/package.sh
- /home/jetros/ros2_ws/install/gxf_isaac_gxf_helpers/share/gxf_isaac_gxf_helpers/package.sh
- /home/jetros/ros2_ws/install/gxf_isaac_messages/share/gxf_isaac_messages/package.sh
- /home/jetros/ros2_ws/install/gxf_isaac_tensorops/share/gxf_isaac_tensorops/package.sh
- /home/jetros/ros2_ws/install/isaac_ros_nitros/share/isaac_ros_nitros/package.sh
- /home/jetros/ros2_ws/install/isaac_ros_nitros_camera_info_type/share/isaac_ros_nitros_camera_info_type/package.sh
- /home/jetros/ros2_ws/install/isaac_ros_nitros_image_type/share/isaac_ros_nitros_image_type/package.sh
- /home/jetros/ros2_ws/install/isaac_ros_nitros_tensor_list_type/share/isaac_ros_nitros_tensor_list_type/package.sh
- /home/jetros/ros2_ws/install/isaac_ros_managed_nitros/share/isaac_ros_managed_nitros/package.sh
- /home/jetros/ros2_ws/install/isaac_ros_image_proc/share/isaac_ros_image_proc/package.sh
Check that the following packages have been built:
- negotiated_interfaces
- isaac_ros_gxf
- negotiated
- gxf_isaac_gems
- gxf_isaac_message_compositor
- gxf_isaac_optimizer
- gxf_isaac_sight
- gxf_isaac_atlas
- gxf_isaac_gxf_helpers
- gxf_isaac_messages
- gxf_isaac_tensorops
- isaac_ros_nitros
- isaac_ros_nitros_camera_info_type
- isaac_ros_nitros_image_type
- isaac_ros_nitros_tensor_list_type
- isaac_ros_managed_nitros
- isaac_ros_image_proc
Failed   <<< isaac_ros_apriltag [0.02s, exited with code 1]

Summary: 0 packages finished [2.21s]
  1 package failed: isaac_ros_apriltag
[0;32m[INFO][0m Stage 11: Building Isaac ROS Visual SLAM...
Starting >>> isaac_ros_visual_slam_interfaces
Finished <<< isaac_ros_visual_slam_interfaces [1.13s]
Starting >>> isaac_ros_visual_slam
[3.517s] ERROR:colcon.colcon_cmake.task.cmake.build:Failed to find the following files:
- /home/jetros/ros2_ws/install/negotiated_interfaces/share/negotiated_interfaces/package.sh
- /home/jetros/ros2_ws/install/isaac_ros_gxf/share/isaac_ros_gxf/package.sh
- /home/jetros/ros2_ws/install/negotiated/share/negotiated/package.sh
- /home/jetros/ros2_ws/install/gxf_isaac_gems/share/gxf_isaac_gems/package.sh
- /home/jetros/ros2_ws/install/gxf_isaac_message_compositor/share/gxf_isaac_message_compositor/package.sh
- /home/jetros/ros2_ws/install/gxf_isaac_optimizer/share/gxf_isaac_optimizer/package.sh
- /home/jetros/ros2_ws/install/gxf_isaac_sight/share/gxf_isaac_sight/package.sh
- /home/jetros/ros2_ws/install/gxf_isaac_atlas/share/gxf_isaac_atlas/package.sh
- /home/jetros/ros2_ws/install/gxf_isaac_gxf_helpers/share/gxf_isaac_gxf_helpers/package.sh
- /home/jetros/ros2_ws/install/gxf_isaac_messages/share/gxf_isaac_messages/package.sh
- /home/jetros/ros2_ws/install/gxf_isaac_tensorops/share/gxf_isaac_tensorops/package.sh
- /home/jetros/ros2_ws/install/isaac_ros_nitros/share/isaac_ros_nitros/package.sh
- /home/jetros/ros2_ws/install/isaac_ros_nitros_camera_info_type/share/isaac_ros_nitros_camera_info_type/package.sh
- /home/jetros/ros2_ws/install/isaac_ros_nitros_image_type/share/isaac_ros_nitros_image_type/package.sh
- /home/jetros/ros2_ws/install/isaac_ros_nitros_tensor_list_type/share/isaac_ros_nitros_tensor_list_type/package.sh
- /home/jetros/ros2_ws/install/isaac_ros_managed_nitros/share/isaac_ros_managed_nitros/package.sh
- /home/jetros/ros2_ws/install/isaac_ros_image_proc/share/isaac_ros_image_proc/package.sh
Check that the following packages have been built:
- negotiated_interfaces
- isaac_ros_gxf
- negotiated
- gxf_isaac_gems
- gxf_isaac_message_compositor
- gxf_isaac_optimizer
- gxf_isaac_sight
- gxf_isaac_atlas
- gxf_isaac_gxf_helpers
- gxf_isaac_messages
- gxf_isaac_tensorops
- isaac_ros_nitros
- isaac_ros_nitros_camera_info_type
- isaac_ros_nitros_image_type
- isaac_ros_nitros_tensor_list_type
- isaac_ros_managed_nitros
- isaac_ros_image_proc
Failed   <<< isaac_ros_visual_slam [0.02s, exited with code 1]

Summary: 1 package finished [3.33s]
  1 package failed: isaac_ros_visual_slam
[0;32m[INFO][0m Stage 12: Building Isaac ROS Nvblox...
Starting >>> isaac_ros_nvblox
[2.357s] WARNING:colcon.colcon_core.shell:The following packages are in the workspace but haven't been built:
- nav2_common
- nav2_msgs
- nav2_voxel_grid
- nav2_util
- nav2_lifecycle_manager
- nav2_map_server
- nav2_costmap_2d
They are being used from the following locations instead:
- /opt/ros/humble
- /opt/ros/humble
- /opt/ros/humble
- /opt/ros/humble
- /opt/ros/humble
- /opt/ros/humble
- /opt/ros/humble
To suppress this warning ignore these packages in the workspace:
--packages-ignore nav2_common nav2_msgs nav2_voxel_grid nav2_util nav2_lifecycle_manager nav2_map_server nav2_costmap_2d
[2.357s] ERROR:colcon.colcon_cmake.task.cmake.build:Failed to find the following files:
- /home/jetros/ros2_ws/install/negotiated_interfaces/share/negotiated_interfaces/package.sh
- /home/jetros/ros2_ws/install/isaac_ros_gxf/share/isaac_ros_gxf/package.sh
- /home/jetros/ros2_ws/install/negotiated/share/negotiated/package.sh
- /home/jetros/ros2_ws/install/nvblox_msgs/share/nvblox_msgs/package.sh
- /home/jetros/ros2_ws/install/nvblox_ros_common/share/nvblox_ros_common/package.sh
- /home/jetros/ros2_ws/install/nvblox_ros_python_utils/share/nvblox_ros_python_utils/package.sh
- /home/jetros/ros2_ws/install/gxf_isaac_gems/share/gxf_isaac_gems/package.sh
- /home/jetros/ros2_ws/install/gxf_isaac_message_compositor/share/gxf_isaac_message_compositor/package.sh
- /home/jetros/ros2_ws/install/gxf_isaac_optimizer/share/gxf_isaac_optimizer/package.sh
- /home/jetros/ros2_ws/install/gxf_isaac_ros_unet/share/gxf_isaac_ros_unet/package.sh
- /home/jetros/ros2_ws/install/gxf_isaac_sight/share/gxf_isaac_sight/package.sh
- /home/jetros/ros2_ws/install/nvblox_image_padding/share/nvblox_image_padding/package.sh
- /home/jetros/ros2_ws/install/nvblox_rviz_plugin/share/nvblox_rviz_plugin/package.sh
- /home/jetros/ros2_ws/install/semantic_label_conversion/share/semantic_label_conversion/package.sh
- /home/jetros/ros2_ws/install/gxf_isaac_atlas/share/gxf_isaac_atlas/package.sh
- /home/jetros/ros2_ws/install/gxf_isaac_gxf_helpers/share/gxf_isaac_gxf_helpers/package.sh
- /home/jetros/ros2_ws/install/gxf_isaac_messages/share/gxf_isaac_messages/package.sh
- /home/jetros/ros2_ws/install/gxf_isaac_tensorops/share/gxf_isaac_tensorops/package.sh
- /home/jetros/ros2_ws/install/isaac_ros_nitros/share/isaac_ros_nitros/package.sh
- /home/jetros/ros2_ws/install/gxf_isaac_tensor_rt/share/gxf_isaac_tensor_rt/package.sh
- /home/jetros/ros2_ws/install/isaac_ros_nitros_camera_info_type/share/isaac_ros_nitros_camera_info_type/package.sh
- /home/jetros/ros2_ws/install/isaac_ros_nitros_detection2_d_array_type/share/isaac_ros_nitros_detection2_d_array_type/package.sh
- /home/jetros/ros2_ws/install/isaac_ros_nitros_image_type/share/isaac_ros_nitros_image_type/package.sh
- /home/jetros/ros2_ws/install/isaac_ros_nitros_tensor_list_type/share/isaac_ros_nitros_tensor_list_type/package.sh
- /home/jetros/ros2_ws/install/nvblox_nav2/share/nvblox_nav2/package.sh
- /home/jetros/ros2_ws/install/gxf_isaac_detectnet/share/gxf_isaac_detectnet/package.sh
- /home/jetros/ros2_ws/install/isaac_ros_managed_nitros/share/isaac_ros_managed_nitros/package.sh
- /home/jetros/ros2_ws/install/isaac_ros_tensor_rt/share/isaac_ros_tensor_rt/package.sh
- /home/jetros/ros2_ws/install/isaac_ros_triton/share/isaac_ros_triton/package.sh
- /home/jetros/ros2_ws/install/isaac_ros_image_proc/share/isaac_ros_image_proc/package.sh
- /home/jetros/ros2_ws/install/nvblox_ros/share/nvblox_ros/package.sh
- /home/jetros/ros2_ws/install/isaac_ros_dnn_image_encoder/share/isaac_ros_dnn_image_encoder/package.sh
- /home/jetros/ros2_ws/install/isaac_ros_peoplenet_models_install/share/isaac_ros_peoplenet_models_install/package.sh
- /home/jetros/ros2_ws/install/isaac_ros_peoplesemseg_models_install/share/isaac_ros_peoplesemseg_models_install/package.sh
- /home/jetros/ros2_ws/install/nvblox_examples_bringup/share/nvblox_examples_bringup/package.sh
Check that the following packages have been built:
- negotiated_interfaces
- isaac_ros_gxf
- negotiated
- nvblox_msgs
- nvblox_ros_common
- nvblox_ros_python_utils
- gxf_isaac_gems
- gxf_isaac_message_compositor
- gxf_isaac_optimizer
- gxf_isaac_ros_unet
- gxf_isaac_sight
- nvblox_image_padding
- nvblox_rviz_plugin
- semantic_label_conversion
- gxf_isaac_atlas
- gxf_isaac_gxf_helpers
- gxf_isaac_messages
- gxf_isaac_tensorops
- isaac_ros_nitros
- gxf_isaac_tensor_rt
- isaac_ros_nitros_camera_info_type
- isaac_ros_nitros_detection2_d_array_type
- isaac_ros_nitros_image_type
- isaac_ros_nitros_tensor_list_type
- nvblox_nav2
- gxf_isaac_detectnet
- isaac_ros_managed_nitros
- isaac_ros_tensor_rt
- isaac_ros_triton
- isaac_ros_image_proc
- nvblox_ros
- isaac_ros_dnn_image_encoder
- isaac_ros_peoplenet_models_install
- isaac_ros_peoplesemseg_models_install
- nvblox_examples_bringup
Failed   <<< isaac_ros_nvblox [0.02s, exited with code 1]

Summary: 0 packages finished [2.17s]
  1 package failed: isaac_ros_nvblox
[0;32m[INFO][0m Stage 13: Building Isaac ROS Nova...
Starting >>> isaac_ros_correlated_timestamp_driver
[2.369s] ERROR:colcon.colcon_cmake.task.cmake.build:Failed to find the following files:
- /home/jetros/ros2_ws/install/negotiated_interfaces/share/negotiated_interfaces/package.sh
- /home/jetros/ros2_ws/install/gxf_isaac_timestamp_correlator/share/gxf_isaac_timestamp_correlator/package.sh
- /home/jetros/ros2_ws/install/isaac_ros_gxf/share/isaac_ros_gxf/package.sh
- /home/jetros/ros2_ws/install/negotiated/share/negotiated/package.sh
- /home/jetros/ros2_ws/install/gxf_isaac_gems/share/gxf_isaac_gems/package.sh
- /home/jetros/ros2_ws/install/gxf_isaac_message_compositor/share/gxf_isaac_message_compositor/package.sh
- /home/jetros/ros2_ws/install/gxf_isaac_optimizer/share/gxf_isaac_optimizer/package.sh
- /home/jetros/ros2_ws/install/gxf_isaac_sight/share/gxf_isaac_sight/package.sh
- /home/jetros/ros2_ws/install/gxf_isaac_atlas/share/gxf_isaac_atlas/package.sh
- /home/jetros/ros2_ws/install/gxf_isaac_gxf_helpers/share/gxf_isaac_gxf_helpers/package.sh
- /home/jetros/ros2_ws/install/gxf_isaac_messages/share/gxf_isaac_messages/package.sh
- /home/jetros/ros2_ws/install/isaac_ros_nitros/share/isaac_ros_nitros/package.sh
- /home/jetros/ros2_ws/install/isaac_ros_nitros_correlated_timestamp_type/share/isaac_ros_nitros_correlated_timestamp_type/package.sh
Check that the following packages have been built:
- negotiated_interfaces
- gxf_isaac_timestamp_correlator
- isaac_ros_gxf
- negotiated
- gxf_isaac_gems
- gxf_isaac_message_compositor
- gxf_isaac_optimizer
- gxf_isaac_sight
- gxf_isaac_atlas
- gxf_isaac_gxf_helpers
- gxf_isaac_messages
- isaac_ros_nitros
- isaac_ros_nitros_correlated_timestamp_type
Failed   <<< isaac_ros_correlated_timestamp_driver [0.02s, exited with code 1]

Summary: 0 packages finished [2.19s]
  1 package failed: isaac_ros_correlated_timestamp_driver
  10 packages not processed
[0;32m[INFO][0m Stage 14: Building ZED ROS 2 Wrapper...
[1.789s] WARNING:colcon.colcon_core.package_selection:ignoring unknown package 'zed_interfaces' in --packages-select
Starting >>> zed_components
[2.378s] ERROR:colcon.colcon_cmake.task.cmake.build:Failed to find the following files:
- /home/jetros/ros2_ws/install/zed_msgs/share/zed_msgs/package.sh
Check that the following packages have been built:
- zed_msgs
Failed   <<< zed_components [0.02s, exited with code 1]

Summary: 0 packages finished [2.20s]
  1 package failed: zed_components
  1 package not processed
[0;32m[INFO][0m Stage 15: Building remaining packages...
[2.350s] WARNING:colcon.colcon_core.package_selection:Some selected packages are already built in one or more underlay workspaces:
	'nav2_msgs' is in: /opt/ros/humble
If a package in a merged underlay workspace is overridden and it installs headers, then all packages in the overlay must sort their include directories by workspace order. Failure to do so may result in build failures or undefined behavior at run time.
If the overridden package is used by another package in any underlay, then the overriding package in the overlay must be API and ABI compatible or undefined behavior at run time may occur.

If you understand the risks and want to override a package anyways, add the following to the command line:
	--allow-overriding nav2_msgs

This may be promoted to an error in a future release of colcon-override-check.
Starting >>> isaac_ros_common
Finished <<< isaac_ros_common [1.10s]
Starting >>> isaac_ros_gxf
Finished <<< isaac_ros_gxf [7.65s]
Starting >>> gxf_isaac_gems
Finished <<< gxf_isaac_gems [5.06s]
Starting >>> negotiated_interfaces
Finished <<< negotiated_interfaces [13.1s]
Starting >>> isaac_ros_test
Finished <<< isaac_ros_test [3.10s]
Starting >>> gxf_isaac_gxf_helpers
Finished <<< gxf_isaac_gxf_helpers [3.88s]
Starting >>> negotiated
--- stderr: negotiated
/home/jetros/ros2_ws/src/negotiated/negotiated/src/negotiated_publisher.cpp: In function â€˜std::vector<negotiated_interfaces::msg::SupportedType_<std::allocator<void> >, std::allocator<negotiated_interfaces::msg::SupportedType_<std::allocator<void> > > > negotiated::detail::default_negotiation_callback(const std::map<std::array<unsigned char, 24>, std::vector<std::__cxx11::basic_string<char> > >&, const std::map<std::__cxx11::basic_string<char>, negotiated::detail::SupportedTypeInfo>&, const std::unordered_set<std::shared_ptr<negotiated::detail::UpstreamNegotiatedSubscriptionHandle> >&, size_t)â€™:
/home/jetros/ros2_ws/src/negotiated/negotiated/src/negotiated_publisher.cpp:145:33: warning: loop variable â€˜gidâ€™ of type â€˜const std::pair<std::array<unsigned char, 24>, std::vector<std::__cxx11::basic_string<char> > >&â€™ binds to a temporary constructed from type â€˜const std::pair<const std::array<unsigned char, 24>, std::vector<std::__cxx11::basic_string<char> > >â€™ [-Wrange-loop-construct]
  145 |     std::vector<std::string>> & gid : negotiated_sub_gid_to_keys)
      |                                 ^~~
/home/jetros/ros2_ws/src/negotiated/negotiated/src/negotiated_publisher.cpp:145:33: note: use non-reference type â€˜const std::pair<std::array<unsigned char, 24>, std::vector<std::__cxx11::basic_string<char> > >â€™ to make the copy explicit or â€˜const std::pair<const std::array<unsigned char, 24>, std::vector<std::__cxx11::basic_string<char> > >&â€™ to prevent copying
/home/jetros/ros2_ws/src/negotiated/negotiated/src/negotiated_publisher.cpp: In destructor â€˜virtual negotiated::NegotiatedPublisher::~NegotiatedPublisher()â€™:
/home/jetros/ros2_ws/src/negotiated/negotiated/src/negotiated_publisher.cpp:336:68: warning: loop variable â€˜typeâ€™ of type â€˜const std::pair<std::__cxx11::basic_string<char>, negotiated::detail::SupportedTypeInfo>&â€™ binds to a temporary constructed from type â€˜std::pair<const std::__cxx11::basic_string<char>, negotiated::detail::SupportedTypeInfo>â€™ [-Wrange-loop-construct]
  336 |     for (const std::pair<std::string, detail::SupportedTypeInfo> & type : key_to_supported_types_) {
      |                                                                    ^~~~
/home/jetros/ros2_ws/src/negotiated/negotiated/src/negotiated_publisher.cpp:336:68: note: use non-reference type â€˜const std::pair<std::__cxx11::basic_string<char>, negotiated::detail::SupportedTypeInfo>â€™ to make the copy explicit or â€˜const std::pair<const std::__cxx11::basic_string<char>, negotiated::detail::SupportedTypeInfo>&â€™ to prevent copying
/home/jetros/ros2_ws/src/negotiated/negotiated/src/negotiated_publisher.cpp: In member function â€˜void negotiated::NegotiatedPublisher::graph_change_timer_callback()â€™:
/home/jetros/ros2_ws/src/negotiated/negotiated/src/negotiated_publisher.cpp:401:33: warning: loop variable â€˜gid_to_keyâ€™ of type â€˜const std::pair<std::array<unsigned char, 24>, std::vector<std::__cxx11::basic_string<char> > >&â€™ binds to a temporary constructed from type â€˜std::pair<const std::array<unsigned char, 24>, std::vector<std::__cxx11::basic_string<char> > >â€™ [-Wrange-loop-construct]
  401 |     std::vector<std::string>> & gid_to_key : *negotiated_subscription_type_gids_)
      |                                 ^~~~~~~~~~
/home/jetros/ros2_ws/src/negotiated/negotiated/src/negotiated_publisher.cpp:401:33: note: use non-reference type â€˜const std::pair<std::array<unsigned char, 24>, std::vector<std::__cxx11::basic_string<char> > >â€™ to make the copy explicit or â€˜const std::pair<const std::array<unsigned char, 24>, std::vector<std::__cxx11::basic_string<char> > >&â€™ to prevent copying
---
[Processing: negotiated]
[Processing: negotiated]
[Processing: negotiated]
Finished <<< negotiated [1min 43s]
Starting >>> gxf_isaac_atlas
Finished <<< gxf_isaac_atlas [3.83s]
Starting >>> gxf_isaac_message_compositor
Finished <<< gxf_isaac_message_compositor [3.80s]
Starting >>> gxf_isaac_optimizer
Finished <<< gxf_isaac_optimizer [3.78s]
Starting >>> gxf_isaac_sight
Finished <<< gxf_isaac_sight [3.76s]
Starting >>> isaac_ros_nitros
--- stderr: isaac_ros_nitros
In this package, headers install destination is set to `include` by ament_auto_package. It is recommended to install `include/isaac_ros_nitros` instead and will be the default behavior of ament_auto_package from ROS 2 Kilted Kaiju. On distributions before Kilted, ament_auto_package behaves the same way when you use USE_SCOPED_HEADER_INSTALL_DIR option.
---
[Processing: isaac_ros_nitros]
[Processing: isaac_ros_nitros]
Finished <<< isaac_ros_nitros [1min 6s]
Starting >>> gxf_isaac_messages
Finished <<< gxf_isaac_messages [4.00s]
Starting >>> nav2_common
Finished <<< nav2_common [2.54s]
Starting >>> isaac_ros_tensor_list_interfaces
Finished <<< isaac_ros_tensor_list_interfaces [1.09s]
Starting >>> nav2_msgs
[Processing: nav2_msgs]
[Processing: nav2_msgs]
[Processing: nav2_msgs]
Finished <<< nav2_msgs [1min 40s]
Starting >>> isaac_ros_nitros_tensor_list_type
--- stderr: isaac_ros_nitros_tensor_list_type
In this package, headers install destination is set to `include` by ament_auto_package. It is recommended to install `include/isaac_ros_nitros_tensor_list_type` instead and will be the default behavior of ament_auto_package from ROS 2 Kilted Kaiju. On distributions before Kilted, ament_auto_package behaves the same way when you use USE_SCOPED_HEADER_INSTALL_DIR option.
---
[Processing: isaac_ros_nitros_tensor_list_type]
[Processing: isaac_ros_nitros_tensor_list_type]
Finished <<< isaac_ros_nitros_tensor_list_type [1min 10s]
Starting >>> nav2_util
[Processing: nav2_util]
[Processing: nav2_util]
Finished <<< nav2_util [1min 17s]
Starting >>> isaac_ros_managed_nitros
--- stderr: isaac_ros_managed_nitros
In this package, headers install destination is set to `include` by ament_auto_package. It is recommended to install `include/isaac_ros_managed_nitros` instead and will be the default behavior of ament_auto_package from ROS 2 Kilted Kaiju. On distributions before Kilted, ament_auto_package behaves the same way when you use USE_SCOPED_HEADER_INSTALL_DIR option.
---
Finished <<< isaac_ros_managed_nitros [4.51s]
Starting >>> isaac_ros_nitros_image_type
--- stderr: isaac_ros_nitros_image_type
In this package, headers install destination is set to `include` by ament_auto_package. It is recommended to install `include/isaac_ros_nitros_image_type` instead and will be the default behavior of ament_auto_package from ROS 2 Kilted Kaiju. On distributions before Kilted, ament_auto_package behaves the same way when you use USE_SCOPED_HEADER_INSTALL_DIR option.
---
[Processing: isaac_ros_nitros_image_type]
[Processing: isaac_ros_nitros_image_type]
Finished <<< isaac_ros_nitros_image_type [1min 21s]
Starting >>> gxf_isaac_tensorops
[Processing: gxf_isaac_tensorops]
Finished <<< gxf_isaac_tensorops [37.9s]
Starting >>> isaac_ros_nitros_camera_info_type
--- stderr: isaac_ros_nitros_camera_info_type
In this package, headers install destination is set to `include` by ament_auto_package. It is recommended to install `include/isaac_ros_nitros_camera_info_type` instead and will be the default behavior of ament_auto_package from ROS 2 Kilted Kaiju. On distributions before Kilted, ament_auto_package behaves the same way when you use USE_SCOPED_HEADER_INSTALL_DIR option.
---
[Processing: isaac_ros_nitros_camera_info_type]
[Processing: isaac_ros_nitros_camera_info_type]
Finished <<< isaac_ros_nitros_camera_info_type [1min 4s]
Starting >>> nav2_map_server
[Processing: nav2_map_server]
[Processing: nav2_map_server]
Finished <<< nav2_map_server [1min 13s]
Starting >>> nav2_lifecycle_manager
[Processing: nav2_lifecycle_manager]
Finished <<< nav2_lifecycle_manager [39.8s]
Starting >>> nav2_voxel_grid
Finished <<< nav2_voxel_grid [28.3s]
Starting >>> gxf_isaac_image_flip
Finished <<< gxf_isaac_image_flip [12.9s]
Starting >>> nav2_costmap_2d
[Processing: nav2_costmap_2d]
[Processing: nav2_costmap_2d]
[Processing: nav2_costmap_2d]
[Processing: nav2_costmap_2d]
[Processing: nav2_costmap_2d]
Finished <<< nav2_costmap_2d [2min 48s]
Starting >>> isaac_ros_image_proc
--- stderr: isaac_ros_image_proc
In this package, headers install destination is set to `include` by ament_auto_package. It is recommended to install `include/isaac_ros_image_proc` instead and will be the default behavior of ament_auto_package from ROS 2 Kilted Kaiju. On distributions before Kilted, ament_auto_package behaves the same way when you use USE_SCOPED_HEADER_INSTALL_DIR option.
---
[Processing: isaac_ros_image_proc]
[Processing: isaac_ros_image_proc]
[Processing: isaac_ros_image_proc]
[Processing: isaac_ros_image_proc]
[Processing: isaac_ros_image_proc]
[Processing: isaac_ros_image_proc]
[Processing: isaac_ros_image_proc]
[Processing: isaac_ros_image_proc]
[Processing: isaac_ros_image_proc]
[Processing: isaac_ros_image_proc]
[Processing: isaac_ros_image_proc]
[Processing: isaac_ros_image_proc]
[Processing: isaac_ros_image_proc]
[Processing: isaac_ros_image_proc]
[Processing: isaac_ros_image_proc]
[Processing: isaac_ros_image_proc]
Finished <<< isaac_ros_image_proc [8min 10s]
Starting >>> nav2_core
Finished <<< nav2_core [4.56s]
Starting >>> isaac_ros_launch_utils
Finished <<< isaac_ros_launch_utils [3.10s]
Starting >>> isaac_ros_tensor_proc
--- stderr: isaac_ros_tensor_proc
In this package, headers install destination is set to `include` by ament_auto_package. It is recommended to install `include/isaac_ros_tensor_proc` instead and will be the default behavior of ament_auto_package from ROS 2 Kilted Kaiju. On distributions before Kilted, ament_auto_package behaves the same way when you use USE_SCOPED_HEADER_INSTALL_DIR option.
---
[Processing: isaac_ros_tensor_proc]
[Processing: isaac_ros_tensor_proc]
[Processing: isaac_ros_tensor_proc]
[Processing: isaac_ros_tensor_proc]
[Processing: isaac_ros_tensor_proc]
[Processing: isaac_ros_tensor_proc]
[Processing: isaac_ros_tensor_proc]
[Processing: isaac_ros_tensor_proc]
[Processing: isaac_ros_tensor_proc]
[Processing: isaac_ros_tensor_proc]
Finished <<< isaac_ros_tensor_proc [5min 5s]
Starting >>> nav_2d_msgs
Finished <<< nav_2d_msgs [15.1s]
Starting >>> isaac_ros_dnn_image_encoder
--- stderr: isaac_ros_dnn_image_encoder
In this package, headers install destination is set to `include` by ament_auto_package. It is recommended to install `include/isaac_ros_dnn_image_encoder` instead and will be the default behavior of ament_auto_package from ROS 2 Kilted Kaiju. On distributions before Kilted, ament_auto_package behaves the same way when you use USE_SCOPED_HEADER_INSTALL_DIR option.
---
[Processing: isaac_ros_dnn_image_encoder]
[Processing: isaac_ros_dnn_image_encoder]
[Processing: isaac_ros_dnn_image_encoder]
Finished <<< isaac_ros_dnn_image_encoder [1min 37s]
Starting >>> zed_msgs
[Processing: zed_msgs]
Finished <<< zed_msgs [46.3s]
Starting >>> isaac_ros_nova_interfaces
Finished <<< isaac_ros_nova_interfaces [1.07s]
Starting >>> gxf_isaac_ros_messages
Finished <<< gxf_isaac_ros_messages [3.83s]
Starting >>> gxf_isaac_triton
Finished <<< gxf_isaac_triton [3.89s]
Starting >>> nav_2d_utils
[Processing: nav_2d_utils]
Finished <<< nav_2d_utils [31.7s]
Starting >>> gxf_isaac_tensor_rt
Finished <<< gxf_isaac_tensor_rt [19.3s]
Starting >>> isaac_ros_tensor_rt
--- stderr: isaac_ros_tensor_rt
In this package, headers install destination is set to `include` by ament_auto_package. It is recommended to install `include/isaac_ros_tensor_rt` instead and will be the default behavior of ament_auto_package from ROS 2 Kilted Kaiju. On distributions before Kilted, ament_auto_package behaves the same way when you use USE_SCOPED_HEADER_INSTALL_DIR option.
/home/jetros/ros2_ws/src/isaac_ros_dnn_inference/isaac_ros_tensor_rt/src/tensor_rt_node.cpp: In function â€˜bool nvidia::isaac_ros::dnn_inference::{anonymous}::readTensorShapesFromOnnx(const string&, size_t, std::vector<nvinfer1::Dims64>&, std::vector<nvinfer1::DataType>&)â€™:
/home/jetros/ros2_ws/src/isaac_ros_dnn_inference/isaac_ros_tensor_rt/src/tensor_rt_node.cpp:162:76: warning: â€˜nvinfer1::NetworkDefinitionCreationFlag::kEXPLICIT_BATCHâ€™ is deprecated [-Wdeprecated-declarations]
  162 |       1U << static_cast<uint32_t>(nvinfer1::NetworkDefinitionCreationFlag::kEXPLICIT_BATCH)));
      |                                                                            ^~~~~~~~~~~~~~~
In file included from /usr/include/aarch64-linux-gnu/NvInferPlugin.h:21,
                 from /home/jetros/ros2_ws/src/isaac_ros_dnn_inference/isaac_ros_tensor_rt/include/isaac_ros_tensor_rt/tensor_rt_node.hpp:26,
                 from /home/jetros/ros2_ws/src/isaac_ros_dnn_inference/isaac_ros_tensor_rt/src/tensor_rt_node.cpp:18:
/usr/include/aarch64-linux-gnu/NvInfer.h:9614:5: note: declared here
 9614 |     kEXPLICIT_BATCH TRT_DEPRECATED_ENUM = 0,
      |     ^~~~~~~~~~~~~~~
/home/jetros/ros2_ws/src/isaac_ros_dnn_inference/isaac_ros_tensor_rt/src/tensor_rt_node.cpp:162:76: warning: â€˜nvinfer1::NetworkDefinitionCreationFlag::kEXPLICIT_BATCHâ€™ is deprecated [-Wdeprecated-declarations]
  162 |       1U << static_cast<uint32_t>(nvinfer1::NetworkDefinitionCreationFlag::kEXPLICIT_BATCH)));
      |                                                                            ^~~~~~~~~~~~~~~
In file included from /usr/include/aarch64-linux-gnu/NvInferPlugin.h:21,
                 from /home/jetros/ros2_ws/src/isaac_ros_dnn_inference/isaac_ros_tensor_rt/include/isaac_ros_tensor_rt/tensor_rt_node.hpp:26,
                 from /home/jetros/ros2_ws/src/isaac_ros_dnn_inference/isaac_ros_tensor_rt/src/tensor_rt_node.cpp:18:
/usr/include/aarch64-linux-gnu/NvInfer.h:9614:5: note: declared here
 9614 |     kEXPLICIT_BATCH TRT_DEPRECATED_ENUM = 0,
      |     ^~~~~~~~~~~~~~~
---
[Processing: isaac_ros_tensor_rt]
[Processing: isaac_ros_tensor_rt]
Finished <<< isaac_ros_tensor_rt [1min 5s]
Starting >>> isaac_ros_triton
--- stderr: isaac_ros_triton
In this package, headers install destination is set to `include` by ament_auto_package. It is recommended to install `include/isaac_ros_triton` instead and will be the default behavior of ament_auto_package from ROS 2 Kilted Kaiju. On distributions before Kilted, ament_auto_package behaves the same way when you use USE_SCOPED_HEADER_INSTALL_DIR option.
---
[Processing: isaac_ros_triton]
[Processing: isaac_ros_triton]
Finished <<< isaac_ros_triton [1min 2s]
Starting >>> zed_components
[Processing: zed_components]
[Processing: zed_components]
[Processing: zed_components]
[Processing: zed_components]
[Processing: zed_components]
Finished <<< zed_components [2min 32s]
Starting >>> gxf_isaac_point_cloud
Finished <<< gxf_isaac_point_cloud [3.76s]
Starting >>> gxf_isaac_utils
Finished <<< gxf_isaac_utils [20.3s]
Starting >>> isaac_ros_nitros_point_cloud_type
--- stderr: isaac_ros_nitros_point_cloud_type
In this package, headers install destination is set to `include` by ament_auto_package. It is recommended to install `include/isaac_ros_nitros_point_cloud_type` instead and will be the default behavior of ament_auto_package from ROS 2 Kilted Kaiju. On distributions before Kilted, ament_auto_package behaves the same way when you use USE_SCOPED_HEADER_INSTALL_DIR option.
---
[Processing: isaac_ros_nitros_point_cloud_type]
[Processing: isaac_ros_nitros_point_cloud_type]
Finished <<< isaac_ros_nitros_point_cloud_type [1min 6s]
Starting >>> microcdr
Finished <<< microcdr [2.94s]
Starting >>> dwb_msgs
Finished <<< dwb_msgs [22.6s]
Starting >>> isaac_ros_nitros_detection2_d_array_type
--- stderr: isaac_ros_nitros_detection2_d_array_type
In this package, headers install destination is set to `include` by ament_auto_package. It is recommended to install `include/isaac_ros_nitros_detection2_d_array_type` instead and will be the default behavior of ament_auto_package from ROS 2 Kilted Kaiju. On distributions before Kilted, ament_auto_package behaves the same way when you use USE_SCOPED_HEADER_INSTALL_DIR option.
---
[Processing: isaac_ros_nitros_detection2_d_array_type]
[Processing: isaac_ros_nitros_detection2_d_array_type]
Finished <<< isaac_ros_nitros_detection2_d_array_type [1min 7s]
Starting >>> nvblox_msgs
Finished <<< nvblox_msgs [23.1s]
Starting >>> dwb_core
[Processing: dwb_core]
Finished <<< dwb_core [43.2s]
Starting >>> micro_ros_msgs
Finished <<< micro_ros_msgs [11.6s]
Starting >>> pointcloud_to_laserscan
--- stderr: pointcloud_to_laserscan
In file included from /home/jetros/ros2_ws/src/pointcloud_to_laserscan/src/pointcloud_to_laserscan_node.cpp:52:
/opt/ros/humble/include/tf2_sensor_msgs/tf2_sensor_msgs.h:32:2: warning: #warning This header is obsolete, please include tf2_sensor_msgs/tf2_sensor_msgs.hpp instead [-Wcpp]
   32 | #warning This header is obsolete, please include tf2_sensor_msgs/tf2_sensor_msgs.hpp instead
      |  ^~~~~~~
In file included from /home/jetros/ros2_ws/src/pointcloud_to_laserscan/src/laserscan_to_pointcloud_node.cpp:52:
/opt/ros/humble/include/tf2_sensor_msgs/tf2_sensor_msgs.h:32:2: warning: #warning This header is obsolete, please include tf2_sensor_msgs/tf2_sensor_msgs.hpp instead [-Wcpp]
   32 | #warning This header is obsolete, please include tf2_sensor_msgs/tf2_sensor_msgs.hpp instead
      |  ^~~~~~~
---
[Processing: pointcloud_to_laserscan]
Finished <<< pointcloud_to_laserscan [38.8s]
Starting >>> velodyne_msgs
Finished <<< velodyne_msgs [11.0s]
Starting >>> gxf_isaac_timestamp_correlator
Finished <<< gxf_isaac_timestamp_correlator [3.71s]
Starting >>> rosidl_typesupport_microxrcedds_c
Finished <<< rosidl_typesupport_microxrcedds_c [3.40s]
Starting >>> gxf_isaac_ros_unet
Finished <<< gxf_isaac_ros_unet [18.4s]
Starting >>> zed_wrapper
Finished <<< zed_wrapper [4.38s]
Starting >>> nav2_behavior_tree
[Processing: nav2_behavior_tree]
[Processing: nav2_behavior_tree]
[Processing: nav2_behavior_tree]
[Processing: nav2_behavior_tree]
[Processing: nav2_behavior_tree]
[Processing: nav2_behavior_tree]
[Processing: nav2_behavior_tree]
[Processing: nav2_behavior_tree]
Finished <<< nav2_behavior_tree [4min 30s]
Starting >>> gxf_isaac_sgm
Finished <<< gxf_isaac_sgm [15.0s]
Starting >>> costmap_queue
[Processing: costmap_queue]
Finished <<< costmap_queue [30.8s]
Starting >>> isaac_ros_nitros_correlated_timestamp_type
--- stderr: isaac_ros_nitros_correlated_timestamp_type
In this package, headers install destination is set to `include` by ament_auto_package. It is recommended to install `include/isaac_ros_nitros_correlated_timestamp_type` instead and will be the default behavior of ament_auto_package from ROS 2 Kilted Kaiju. On distributions before Kilted, ament_auto_package behaves the same way when you use USE_SCOPED_HEADER_INSTALL_DIR option.
---
[Processing: isaac_ros_nitros_correlated_timestamp_type]
[Processing: isaac_ros_nitros_correlated_timestamp_type]
Finished <<< isaac_ros_nitros_correlated_timestamp_type [1min 0s]
Starting >>> isaac_ros_nitros_detection3_d_array_type
--- stderr: isaac_ros_nitros_detection3_d_array_type
In this package, headers install destination is set to `include` by ament_auto_package. It is recommended to install `include/isaac_ros_nitros_detection3_d_array_type` instead and will be the default behavior of ament_auto_package from ROS 2 Kilted Kaiju. On distributions before Kilted, ament_auto_package behaves the same way when you use USE_SCOPED_HEADER_INSTALL_DIR option.
---
[Processing: isaac_ros_nitros_detection3_d_array_type]
[Processing: isaac_ros_nitros_detection3_d_array_type]
Finished <<< isaac_ros_nitros_detection3_d_array_type [1min 13s]
Starting >>> isaac_ros_nitros_disparity_image_type
--- stderr: isaac_ros_nitros_disparity_image_type
In this package, headers install destination is set to `include` by ament_auto_package. It is recommended to install `include/isaac_ros_nitros_disparity_image_type` instead and will be the default behavior of ament_auto_package from ROS 2 Kilted Kaiju. On distributions before Kilted, ament_auto_package behaves the same way when you use USE_SCOPED_HEADER_INSTALL_DIR option.
---
[Processing: isaac_ros_nitros_disparity_image_type]
[Processing: isaac_ros_nitros_disparity_image_type]
Finished <<< isaac_ros_nitros_disparity_image_type [1min 3s]
Starting >>> nav2_controller
[Processing: nav2_controller]
[Processing: nav2_controller]
[Processing: nav2_controller]
Finished <<< nav2_controller [1min 32s]
Starting >>> microxrcedds_client
Finished <<< microxrcedds_client [2.34s]
Starting >>> nvblox_ros_common
Finished <<< nvblox_ros_common [4.41s]
Starting >>> orange_sensor_tools
--- stderr: orange_sensor_tools
CMake Warning (dev) at CMakeLists.txt:20 (find_package):
  Policy CMP0074 is not set: find_package uses <PackageName>_ROOT variables.
  Run "cmake --help-policy CMP0074" for policy details.  Use the cmake_policy
  command to set the policy and suppress this warning.

  CMake variable PCL_ROOT is set to:

    /usr

  For compatibility, CMake is ignoring the variable.
This warning is for project developers.  Use -Wno-dev to suppress it.

---
[Processing: orange_sensor_tools]
Finished <<< orange_sensor_tools [46.8s]
Starting >>> rosidl_typesupport_microxrcedds_cpp
Finished <<< rosidl_typesupport_microxrcedds_cpp [3.53s]
Starting >>> gxf_isaac_detectnet
Finished <<< gxf_isaac_detectnet [17.9s]
Starting >>> isaac_ros_correlated_timestamp_driver
--- stderr: isaac_ros_correlated_timestamp_driver
In this package, headers install destination is set to `include` by ament_auto_package. It is recommended to install `include/isaac_ros_correlated_timestamp_driver` instead and will be the default behavior of ament_auto_package from ROS 2 Kilted Kaiju. On distributions before Kilted, ament_auto_package behaves the same way when you use USE_SCOPED_HEADER_INSTALL_DIR option.
---
[Processing: isaac_ros_correlated_timestamp_driver]
Finished <<< isaac_ros_correlated_timestamp_driver [40.9s]
Starting >>> isaac_ros_stereo_image_proc
--- stderr: isaac_ros_stereo_image_proc
In this package, headers install destination is set to `include` by ament_auto_package. It is recommended to install `include/isaac_ros_stereo_image_proc` instead and will be the default behavior of ament_auto_package from ROS 2 Kilted Kaiju. On distributions before Kilted, ament_auto_package behaves the same way when you use USE_SCOPED_HEADER_INSTALL_DIR option.
---
[Processing: isaac_ros_stereo_image_proc]
[Processing: isaac_ros_stereo_image_proc]
[Processing: isaac_ros_stereo_image_proc]
[Processing: isaac_ros_stereo_image_proc]
[Processing: isaac_ros_stereo_image_proc]
[Processing: isaac_ros_stereo_image_proc]
[Processing: isaac_ros_stereo_image_proc]
[Processing: isaac_ros_stereo_image_proc]
Finished <<< isaac_ros_stereo_image_proc [4min 6s]
Starting >>> nav2_regulated_pure_pursuit_controller
--- stderr: nav2_regulated_pure_pursuit_controller
/home/jetros/ros2_ws/src/navigation2/nav2_regulated_pure_pursuit_controller/test/test_regulated_pp.cpp: In lambda function:
/home/jetros/ros2_ws/src/navigation2/nav2_regulated_pure_pursuit_controller/test/test_regulated_pp.cpp:218:24: note: parameter passing for argument of type â€˜std::pair<double, double>â€™ when C++17 is enabled changed to match C++14 in GCC 10.1
  218 |   auto pair_to_point = [](std::pair<double, double> p) -> geometry_msgs::msg::Point {
      |                        ^
---
[Processing: nav2_regulated_pure_pursuit_controller]
Finished <<< nav2_regulated_pure_pursuit_controller [46.5s]
Starting >>> dwb_critics
[Processing: dwb_critics]
Finished <<< dwb_critics [47.6s]
Starting >>> dwb_plugins
[Processing: dwb_plugins]
Finished <<< dwb_plugins [37.7s]
Starting >>> isaac_ros_unet
--- stderr: isaac_ros_unet
In this package, headers install destination is set to `include` by ament_auto_package. It is recommended to install `include/isaac_ros_unet` instead and will be the default behavior of ament_auto_package from ROS 2 Kilted Kaiju. On distributions before Kilted, ament_auto_package behaves the same way when you use USE_SCOPED_HEADER_INSTALL_DIR option.
---
[Processing: isaac_ros_unet]
[Processing: isaac_ros_unet]
[Processing: isaac_ros_unet]
Finished <<< isaac_ros_unet [1min 33s]
Starting >>> rclc
[Processing: rclc]
Finished <<< rclc [41.5s]
Starting >>> velodyne_laserscan
[Processing: velodyne_laserscan]
Finished <<< velodyne_laserscan [35.0s]
Starting >>> isaac_common
Finished <<< isaac_common [0.33s]
Starting >>> isaac_ros_visual_slam_interfaces
Finished <<< isaac_ros_visual_slam_interfaces [1.11s]
Starting >>> nvblox_ros_python_utils
Finished <<< nvblox_ros_python_utils [3.11s]
Starting >>> velodyne_driver
[Processing: velodyne_driver]
Finished <<< velodyne_driver [38.1s]
Starting >>> velodyne_pointcloud
--- stderr: velodyne_pointcloud
/home/jetros/ros2_ws/src/velodyne/velodyne_pointcloud/src/lib/rawdata.cpp: In member function â€˜void velodyne_rawdata::RawData::unpack(const VelodynePacket&, velodyne_rawdata::DataContainerBase&, const rclcpp::Time&)â€™:
/home/jetros/ros2_ws/src/velodyne/velodyne_pointcloud/src/lib/rawdata.cpp:309:13: warning: unused variable â€˜timeâ€™ [-Wunused-variable]
  309 |       float time = 0;
      |             ^~~~
In file included from /usr/include/eigen3/Eigen/Core:214,
                 from /home/jetros/ros2_ws/src/velodyne/velodyne_pointcloud/include/velodyne_pointcloud/datacontainerbase.hpp:43,
                 from /home/jetros/ros2_ws/src/velodyne/velodyne_pointcloud/tests/test_row_step.cpp:39:
/usr/include/eigen3/Eigen/src/Core/arch/NEON/PacketMath.h: In function â€˜Packet Eigen::internal::pload(const typename Eigen::internal::unpacket_traits<T>::type*) [with Packet = Eigen::internal::eigen_packet_wrapper<int, 2>; typename Eigen::internal::unpacket_traits<T>::type = signed char]â€™:
/usr/include/eigen3/Eigen/src/Core/arch/NEON/PacketMath.h:1671:9: warning: â€˜void* memcpy(void*, const void*, size_t)â€™ copying an object of non-trivial type â€˜Eigen::internal::Packet4câ€™ {aka â€˜struct Eigen::internal::eigen_packet_wrapper<int, 2>â€™} from an array of â€˜const int8_tâ€™ {aka â€˜const signed charâ€™} [-Wclass-memaccess]
 1671 |   memcpy(&res, from, sizeof(Packet4c));
      |   ~~~~~~^~~~~~~~~~~~~~~~~~~~~~~~~~~~~~
In file included from /usr/include/eigen3/Eigen/Core:172,
                 from /home/jetros/ros2_ws/src/velodyne/velodyne_pointcloud/include/velodyne_pointcloud/datacontainerbase.hpp:43,
                 from /home/jetros/ros2_ws/src/velodyne/velodyne_pointcloud/tests/test_row_step.cpp:39:
/usr/include/eigen3/Eigen/src/Core/GenericPacketMath.h:159:8: note: â€˜Eigen::internal::Packet4câ€™ {aka â€˜struct Eigen::internal::eigen_packet_wrapper<int, 2>â€™} declared here
  159 | struct eigen_packet_wrapper
      |        ^~~~~~~~~~~~~~~~~~~~
In file included from /usr/include/eigen3/Eigen/Core:214,
                 from /home/jetros/ros2_ws/src/velodyne/velodyne_pointcloud/include/velodyne_pointcloud/datacontainerbase.hpp:43,
                 from /home/jetros/ros2_ws/src/velodyne/velodyne_pointcloud/tests/test_row_step.cpp:39:
/usr/include/eigen3/Eigen/src/Core/arch/NEON/PacketMath.h: In function â€˜Packet Eigen::internal::ploadu(const typename Eigen::internal::unpacket_traits<T>::type*) [with Packet = Eigen::internal::eigen_packet_wrapper<int, 2>; typename Eigen::internal::unpacket_traits<T>::type = signed char]â€™:
/usr/include/eigen3/Eigen/src/Core/arch/NEON/PacketMath.h:1716:9: warning: â€˜void* memcpy(void*, const void*, size_t)â€™ copying an object of non-trivial type â€˜Eigen::internal::Packet4câ€™ {aka â€˜struct Eigen::internal::eigen_packet_wrapper<int, 2>â€™} from an array of â€˜const int8_tâ€™ {aka â€˜const signed charâ€™} [-Wclass-memaccess]
 1716 |   memcpy(&res, from, sizeof(Packet4c));
      |   ~~~~~~^~~~~~~~~~~~~~~~~~~~~~~~~~~~~~
In file included from /usr/include/eigen3/Eigen/Core:172,
                 from /home/jetros/ros2_ws/src/velodyne/velodyne_pointcloud/include/velodyne_pointcloud/datacontainerbase.hpp:43,
                 from /home/jetros/ros2_ws/src/velodyne/velodyne_pointcloud/tests/test_row_step.cpp:39:
/usr/include/eigen3/Eigen/src/Core/GenericPacketMath.h:159:8: note: â€˜Eigen::internal::Packet4câ€™ {aka â€˜struct Eigen::internal::eigen_packet_wrapper<int, 2>â€™} declared here
  159 | struct eigen_packet_wrapper
      |        ^~~~~~~~~~~~~~~~~~~~
---
[Processing: velodyne_pointcloud]
[Processing: velodyne_pointcloud]
Finished <<< velodyne_pointcloud [1min 7s]
Starting >>> gxf_isaac_argus
Finished <<< gxf_isaac_argus [3.75s]
Starting >>> gxf_isaac_hesai
Finished <<< gxf_isaac_hesai [3.80s]
Starting >>> gxf_isaac_range_scan_processing
Finished <<< gxf_isaac_range_scan_processing [3.76s]
Starting >>> nav2_simple_commander
Finished <<< nav2_simple_commander [3.17s]
Starting >>> nvblox_rviz_plugin
[Processing: nvblox_rviz_plugin]
Finished <<< nvblox_rviz_plugin [52.8s]
Starting >>> orange_description
Finished <<< orange_description [2.25s]
Starting >>> nav2_amcl
[Processing: nav2_amcl]
[Processing: nav2_amcl]
Finished <<< nav2_amcl [1min 26s]
Starting >>> nav2_velocity_smoother
[Processing: nav2_velocity_smoother]
[Processing: nav2_velocity_smoother]
Finished <<< nav2_velocity_smoother [1min 6s]
Starting >>> rmw_microxrcedds
--- stderr: rmw_microxrcedds
/home/jetros/ros2_ws/src/uros/rmw_microxrcedds/rmw_microxrcedds_c/src/rmw_microros/init_options.c: In function â€˜rmw_uros_options_set_udp_addressâ€™:
/home/jetros/ros2_ws/src/uros/rmw_microxrcedds/rmw_microxrcedds_c/src/rmw_microros/init_options.c:94:80: error: â€˜__builtin_snprintfâ€™ output may be truncated before the last format character [-Werror=format-truncation=]
   94 |     snprintf(rmw_options->impl->transport_params.agent_address, MAX_IP_LEN, "%s", ip);
      |                                                                                ^
In file included from /usr/include/stdio.h:894,
                 from /opt/ros/humble/include/rcutils/rcutils/testing/fault_injection.h:18,
                 from /opt/ros/humble/include/rcutils/rcutils/macros.h:146,
                 from /opt/ros/humble/include/rcutils/rcutils/allocator.h:28,
                 from /opt/ros/humble/include/rmw/rmw/rmw.h:94,
                 from /home/jetros/ros2_ws/src/uros/rmw_microxrcedds/rmw_microxrcedds_c/src/rmw_microros/init_options.c:16:
/usr/include/aarch64-linux-gnu/bits/stdio2.h:71:10: note: â€˜__builtin_snprintfâ€™ output between 1 and 17 bytes into a destination of size 16
   71 |   return __builtin___snprintf_chk (__s, __n, __USE_FORTIFY_LEVEL - 1,
      |          ^~~~~~~~~~~~~~~~~~~~~~~~~~~~~~~~~~~~~~~~~~~~~~~~~~~~~~~~~~~~
   72 |                                    __glibc_objsize (__s), __fmt,
      |                                    ~~~~~~~~~~~~~~~~~~~~~~~~~~~~~
   73 |                                    __va_arg_pack ());
      |                                    ~~~~~~~~~~~~~~~~~
cc1: all warnings being treated as errors
gmake[2]: *** [CMakeFiles/rmw_microxrcedds.dir/build.make:636: CMakeFiles/rmw_microxrcedds.dir/src/rmw_microros/init_options.c.o] Error 1
gmake[2]: *** Waiting for unfinished jobs....
gmake[1]: *** [CMakeFiles/Makefile2:192: CMakeFiles/rmw_microxrcedds.dir/all] Error 2
gmake[1]: *** Waiting for unfinished jobs....
gmake: *** [Makefile:146: all] Error 2
---
Failed   <<< rmw_microxrcedds [19.3s, exited with code 2]

Summary: 90 packages finished [1h 10min 42s]
  1 package failed: rmw_microxrcedds
  24 packages had stderr output: isaac_ros_correlated_timestamp_driver isaac_ros_dnn_image_encoder isaac_ros_image_proc isaac_ros_managed_nitros isaac_ros_nitros isaac_ros_nitros_camera_info_type isaac_ros_nitros_correlated_timestamp_type isaac_ros_nitros_detection2_d_array_type isaac_ros_nitros_detection3_d_array_type isaac_ros_nitros_disparity_image_type isaac_ros_nitros_image_type isaac_ros_nitros_point_cloud_type isaac_ros_nitros_tensor_list_type isaac_ros_stereo_image_proc isaac_ros_tensor_proc isaac_ros_tensor_rt isaac_ros_triton isaac_ros_unet nav2_regulated_pure_pursuit_controller negotiated orange_sensor_tools pointcloud_to_laserscan rmw_microxrcedds velodyne_pointcloud
  175 packages not processed
[0;32m[INFO][0m Staged build completed successfully!
