[0;32m[INFO][0m Stage 1: Building Isaac ROS Common interfaces...
Starting >>> isaac_ros_tensor_list_interfaces
Finished <<< isaac_ros_tensor_list_interfaces [1.53s]
Starting >>> isaac_ros_apriltag_interfaces
Finished <<< isaac_ros_apriltag_interfaces [1.59s]
Starting >>> isaac_ros_bi3d_interfaces
Finished <<< isaac_ros_bi3d_interfaces [1.46s]
Starting >>> isaac_ros_nova_interfaces
Finished <<< isaac_ros_nova_interfaces [1.46s]
Starting >>> isaac_ros_pointcloud_interfaces
Finished <<< isaac_ros_pointcloud_interfaces [1.47s]
Starting >>> isaac_ros_nitros_bridge_interfaces
Finished <<< isaac_ros_nitros_bridge_interfaces [1.51s]

Summary: 6 packages finished [11.0s]
[0;32m[INFO][0m Stage 2: Building Isaac ROS Common core packages...
Starting >>> isaac_ros_common
--- stderr: isaac_ros_common
In this package, headers install destination is set to `include` by ament_auto_package. It is recommended to install `include/isaac_ros_common` instead and will be the default behavior of ament_auto_package from ROS 2 Kilted Kaiju. On distributions before Kilted, ament_auto_package behaves the same way when you use USE_SCOPED_HEADER_INSTALL_DIR option.
---
Finished <<< isaac_ros_common [3.16s]
Starting >>> isaac_ros_launch_utils
Finished <<< isaac_ros_launch_utils [3.81s]
Starting >>> isaac_ros_test
Finished <<< isaac_ros_test [3.77s]
Starting >>> isaac_ros_rosbag_utils
[13.098s] ERROR:colcon.colcon_ros.task.ament_python.build:Failed to find the following files:
- /home/jetros/ros2_ws/install/isaac_ros_r2b_galileo/share/isaac_ros_r2b_galileo/package.sh
Check that the following packages have been built:
- isaac_ros_r2b_galileo
Failed   <<< isaac_ros_rosbag_utils [0.03s, exited with code 1]

Summary: 3 packages finished [12.8s]
  1 package failed: isaac_ros_rosbag_utils
  1 package had stderr output: isaac_ros_common
  1 package not processed
[0;32m[INFO][0m Stage 3: Building Isaac ROS GXF Extensions...
[1.872s] WARNING:colcon.colcon_core.package_selection:ignoring unknown package 'isaac_ros_gxf_extensions' in --packages-select

Summary: 0 packages finished [2.09s]
[0;32m[INFO][0m Stage 4: Building Isaac ROS Image Pipeline...
[2.285s] WARNING:colcon.colcon_core.package_selection:Some selected packages are already built in one or more underlay workspaces:
	'isaac_ros_image_proc' is in: /home/jetros/ros2_ws/install/isaac_ros_image_proc
If a package in a merged underlay workspace is overridden and it installs headers, then all packages in the overlay must sort their include directories by workspace order. Failure to do so may result in build failures or undefined behavior at run time.
If the overridden package is used by another package in any underlay, then the overriding package in the overlay must be API and ABI compatible or undefined behavior at run time may occur.

If you understand the risks and want to override a package anyways, add the following to the command line:
	--allow-overriding isaac_ros_image_proc

This may be promoted to an error in a future release of colcon-override-check.
Starting >>> isaac_ros_stereo_image_proc
[2.343s] ERROR:colcon.colcon_cmake.task.cmake.build:Failed to find the following files:
- /home/jetros/ros2_ws/install/gxf_isaac_sgm/share/gxf_isaac_sgm/package.sh
Check that the following packages have been built:
- gxf_isaac_sgm
Failed   <<< isaac_ros_stereo_image_proc [0.05s, exited with code 1]

Summary: 0 packages finished [2.11s]
  1 package failed: isaac_ros_stereo_image_proc
  3 packages not processed
[0;32m[INFO][0m Stage 5: Building Isaac ROS DNN Inference base...
Starting >>> isaac_ros_tensor_proc
[2.333s] ERROR:colcon.colcon_cmake.task.cmake.build:Failed to find the following files:
- /home/jetros/ros2_ws/install/gxf_isaac_image_flip/share/gxf_isaac_image_flip/package.sh
- /home/jetros/ros2_ws/install/gxf_isaac_tensorops/share/gxf_isaac_tensorops/package.sh
Check that the following packages have been built:
- gxf_isaac_image_flip
- gxf_isaac_tensorops
Failed   <<< isaac_ros_tensor_proc [0.04s, exited with code 1]

Summary: 0 packages finished [2.09s]
  1 package failed: isaac_ros_tensor_proc
  3 packages not processed
[0;32m[INFO][0m Stage 6: Building Isaac ROS Object Detection...
Starting >>> isaac_ros_detectnet
[2.289s] ERROR:colcon.colcon_cmake.task.cmake.build:Failed to find the following files:
- /home/jetros/ros2_ws/install/gxf_isaac_detectnet/share/gxf_isaac_detectnet/package.sh
- /home/jetros/ros2_ws/install/gxf_isaac_image_flip/share/gxf_isaac_image_flip/package.sh
- /home/jetros/ros2_ws/install/gxf_isaac_tensorops/share/gxf_isaac_tensorops/package.sh
- /home/jetros/ros2_ws/install/gxf_isaac_triton/share/gxf_isaac_triton/package.sh
- /home/jetros/ros2_ws/install/isaac_ros_triton/share/isaac_ros_triton/package.sh
- /home/jetros/ros2_ws/install/isaac_ros_dnn_image_encoder/share/isaac_ros_dnn_image_encoder/package.sh
Check that the following packages have been built:
- gxf_isaac_detectnet
- gxf_isaac_image_flip
- gxf_isaac_tensorops
- gxf_isaac_triton
- isaac_ros_triton
- isaac_ros_dnn_image_encoder
Failed   <<< isaac_ros_detectnet [0.04s, exited with code 1]

Summary: 0 packages finished [2.06s]
  1 package failed: isaac_ros_detectnet
  2 packages not processed
[0;32m[INFO][0m Stage 7: Building Isaac ROS DNN Stereo Depth...
Starting >>> isaac_ros_ess
[2.261s] ERROR:colcon.colcon_cmake.task.cmake.build:Failed to find the following files:
- /home/jetros/ros2_ws/install/gxf_isaac_image_flip/share/gxf_isaac_image_flip/package.sh
- /home/jetros/ros2_ws/install/gxf_isaac_sgm/share/gxf_isaac_sgm/package.sh
- /home/jetros/ros2_ws/install/gxf_isaac_tensorops/share/gxf_isaac_tensorops/package.sh
- /home/jetros/ros2_ws/install/isaac_ros_ess_models_install/share/isaac_ros_ess_models_install/package.sh
- /home/jetros/ros2_ws/install/gxf_isaac_ess/share/gxf_isaac_ess/package.sh
- /home/jetros/ros2_ws/install/gxf_isaac_video_buffer_utils/share/gxf_isaac_video_buffer_utils/package.sh
Check that the following packages have been built:
- gxf_isaac_image_flip
- gxf_isaac_sgm
- gxf_isaac_tensorops
- isaac_ros_ess_models_install
- gxf_isaac_ess
- gxf_isaac_video_buffer_utils
Failed   <<< isaac_ros_ess [0.04s, exited with code 1]

Summary: 0 packages finished [2.04s]
  1 package failed: isaac_ros_ess
[0;32m[INFO][0m Stage 8: Building Isaac ROS Image Segmentation...
Starting >>> isaac_ros_unet
[2.286s] ERROR:colcon.colcon_cmake.task.cmake.build:Failed to find the following files:
- /home/jetros/ros2_ws/install/gxf_isaac_image_flip/share/gxf_isaac_image_flip/package.sh
- /home/jetros/ros2_ws/install/gxf_isaac_ros_unet/share/gxf_isaac_ros_unet/package.sh
- /home/jetros/ros2_ws/install/gxf_isaac_tensorops/share/gxf_isaac_tensorops/package.sh
- /home/jetros/ros2_ws/install/gxf_isaac_triton/share/gxf_isaac_triton/package.sh
- /home/jetros/ros2_ws/install/gxf_isaac_tensor_rt/share/gxf_isaac_tensor_rt/package.sh
- /home/jetros/ros2_ws/install/isaac_ros_triton/share/isaac_ros_triton/package.sh
- /home/jetros/ros2_ws/install/isaac_ros_tensor_rt/share/isaac_ros_tensor_rt/package.sh
- /home/jetros/ros2_ws/install/isaac_ros_dnn_image_encoder/share/isaac_ros_dnn_image_encoder/package.sh
Check that the following packages have been built:
- gxf_isaac_image_flip
- gxf_isaac_ros_unet
- gxf_isaac_tensorops
- gxf_isaac_triton
- gxf_isaac_tensor_rt
- isaac_ros_triton
- isaac_ros_tensor_rt
- isaac_ros_dnn_image_encoder
Failed   <<< isaac_ros_unet [0.04s, exited with code 1]

Summary: 0 packages finished [2.03s]
  1 package failed: isaac_ros_unet
  2 packages not processed
[0;32m[INFO][0m Stage 9: Building Isaac ROS Pose Estimation...
Starting >>> isaac_ros_pose_proc
[Processing: isaac_ros_pose_proc]
[Processing: isaac_ros_pose_proc]
[Processing: isaac_ros_pose_proc]
[Processing: isaac_ros_pose_proc]
[Processing: isaac_ros_pose_proc]
Finished <<< isaac_ros_pose_proc [2min 52s]
Starting >>> isaac_ros_centerpose
[174.107s] ERROR:colcon.colcon_cmake.task.cmake.build:Failed to find the following files:
- /home/jetros/ros2_ws/install/gxf_isaac_centerpose/share/gxf_isaac_centerpose/package.sh
- /home/jetros/ros2_ws/install/gxf_isaac_image_flip/share/gxf_isaac_image_flip/package.sh
- /home/jetros/ros2_ws/install/gxf_isaac_tensorops/share/gxf_isaac_tensorops/package.sh
- /home/jetros/ros2_ws/install/gxf_isaac_triton/share/gxf_isaac_triton/package.sh
- /home/jetros/ros2_ws/install/gxf_isaac_tensor_rt/share/gxf_isaac_tensor_rt/package.sh
- /home/jetros/ros2_ws/install/isaac_ros_triton/share/isaac_ros_triton/package.sh
- /home/jetros/ros2_ws/install/isaac_ros_tensor_rt/share/isaac_ros_tensor_rt/package.sh
- /home/jetros/ros2_ws/install/isaac_ros_dnn_image_encoder/share/isaac_ros_dnn_image_encoder/package.sh
Check that the following packages have been built:
- gxf_isaac_centerpose
- gxf_isaac_image_flip
- gxf_isaac_tensorops
- gxf_isaac_triton
- gxf_isaac_tensor_rt
- isaac_ros_triton
- isaac_ros_tensor_rt
- isaac_ros_dnn_image_encoder
Failed   <<< isaac_ros_centerpose [0.06s, exited with code 1]

Summary: 1 package finished [2min 54s]
  1 package failed: isaac_ros_centerpose
  2 packages not processed
[0;32m[INFO][0m Stage 10: Building Isaac ROS AprilTag...
Starting >>> isaac_ros_apriltag
[2.248s] ERROR:colcon.colcon_cmake.task.cmake.build:Failed to find the following files:
- /home/jetros/ros2_ws/install/gxf_isaac_image_flip/share/gxf_isaac_image_flip/package.sh
- /home/jetros/ros2_ws/install/gxf_isaac_tensorops/share/gxf_isaac_tensorops/package.sh
Check that the following packages have been built:
- gxf_isaac_image_flip
- gxf_isaac_tensorops
Failed   <<< isaac_ros_apriltag [0.05s, exited with code 1]

Summary: 0 packages finished [2.03s]
  1 package failed: isaac_ros_apriltag
[0;32m[INFO][0m Stage 11: Building Isaac ROS Visual SLAM...
Starting >>> isaac_ros_visual_slam_interfaces
[Processing: isaac_ros_visual_slam_interfaces]
Finished <<< isaac_ros_visual_slam_interfaces [31.3s]
Starting >>> isaac_ros_visual_slam
[33.504s] ERROR:colcon.colcon_cmake.task.cmake.build:Failed to find the following files:
- /home/jetros/ros2_ws/install/gxf_isaac_image_flip/share/gxf_isaac_image_flip/package.sh
- /home/jetros/ros2_ws/install/gxf_isaac_tensorops/share/gxf_isaac_tensorops/package.sh
- /home/jetros/ros2_ws/install/isaac_common/share/isaac_common/package.sh
Check that the following packages have been built:
- gxf_isaac_image_flip
- gxf_isaac_tensorops
- isaac_common
Failed   <<< isaac_ros_visual_slam [0.05s, exited with code 1]

Summary: 1 package finished [33.3s]
  1 package failed: isaac_ros_visual_slam
[0;32m[INFO][0m Stage 12: Building Isaac ROS Nvblox...
Starting >>> isaac_ros_nvblox
[2.268s] ERROR:colcon.colcon_cmake.task.cmake.build:Failed to find the following files:
- /home/jetros/ros2_ws/install/gxf_isaac_detectnet/share/gxf_isaac_detectnet/package.sh
- /home/jetros/ros2_ws/install/gxf_isaac_image_flip/share/gxf_isaac_image_flip/package.sh
- /home/jetros/ros2_ws/install/gxf_isaac_ros_unet/share/gxf_isaac_ros_unet/package.sh
- /home/jetros/ros2_ws/install/gxf_isaac_tensorops/share/gxf_isaac_tensorops/package.sh
- /home/jetros/ros2_ws/install/gxf_isaac_triton/share/gxf_isaac_triton/package.sh
- /home/jetros/ros2_ws/install/isaac_common/share/isaac_common/package.sh
- /home/jetros/ros2_ws/install/nvblox_msgs/share/nvblox_msgs/package.sh
- /home/jetros/ros2_ws/install/nvblox_ros_common/share/nvblox_ros_common/package.sh
- /home/jetros/ros2_ws/install/nvblox_ros_python_utils/share/nvblox_ros_python_utils/package.sh
- /home/jetros/ros2_ws/install/gxf_isaac_tensor_rt/share/gxf_isaac_tensor_rt/package.sh
- /home/jetros/ros2_ws/install/isaac_ros_triton/share/isaac_ros_triton/package.sh
- /home/jetros/ros2_ws/install/nvblox_image_padding/share/nvblox_image_padding/package.sh
- /home/jetros/ros2_ws/install/nvblox_rviz_plugin/share/nvblox_rviz_plugin/package.sh
- /home/jetros/ros2_ws/install/semantic_label_conversion/share/semantic_label_conversion/package.sh
- /home/jetros/ros2_ws/install/isaac_ros_tensor_rt/share/isaac_ros_tensor_rt/package.sh
- /home/jetros/ros2_ws/install/nvblox_ros/share/nvblox_ros/package.sh
- /home/jetros/ros2_ws/install/isaac_ros_dnn_image_encoder/share/isaac_ros_dnn_image_encoder/package.sh
- /home/jetros/ros2_ws/install/nvblox_nav2/share/nvblox_nav2/package.sh
- /home/jetros/ros2_ws/install/isaac_ros_peoplenet_models_install/share/isaac_ros_peoplenet_models_install/package.sh
- /home/jetros/ros2_ws/install/isaac_ros_peoplesemseg_models_install/share/isaac_ros_peoplesemseg_models_install/package.sh
- /home/jetros/ros2_ws/install/nvblox_examples_bringup/share/nvblox_examples_bringup/package.sh
Check that the following packages have been built:
- gxf_isaac_detectnet
- gxf_isaac_image_flip
- gxf_isaac_ros_unet
- gxf_isaac_tensorops
- gxf_isaac_triton
- isaac_common
- nvblox_msgs
- nvblox_ros_common
- nvblox_ros_python_utils
- gxf_isaac_tensor_rt
- isaac_ros_triton
- nvblox_image_padding
- nvblox_rviz_plugin
- semantic_label_conversion
- isaac_ros_tensor_rt
- nvblox_ros
- isaac_ros_dnn_image_encoder
- nvblox_nav2
- isaac_ros_peoplenet_models_install
- isaac_ros_peoplesemseg_models_install
- nvblox_examples_bringup
Failed   <<< isaac_ros_nvblox [0.04s, exited with code 1]

Summary: 0 packages finished [2.04s]
  1 package failed: isaac_ros_nvblox
[0;32m[INFO][0m Stage 13: Building Isaac ROS Nova...
Starting >>> isaac_ros_correlated_timestamp_driver
--- stderr: isaac_ros_correlated_timestamp_driver
In this package, headers install destination is set to `include` by ament_auto_package. It is recommended to install `include/isaac_ros_correlated_timestamp_driver` instead and will be the default behavior of ament_auto_package from ROS 2 Kilted Kaiju. On distributions before Kilted, ament_auto_package behaves the same way when you use USE_SCOPED_HEADER_INSTALL_DIR option.
In file included from /home/jetros/ros2_ws/src/isaac_ros_nova/isaac_ros_correlated_timestamp_driver/src/correlated_timestamp_driver_node.cpp:19:
/home/jetros/ros2_ws/src/isaac_ros_nova/isaac_ros_correlated_timestamp_driver/include/isaac_ros_correlated_timestamp_driver/correlated_timestamp_driver_node.hpp:24:10: fatal error: isaac_ros_nitros/nitros_node.hpp: „Åù„ÅÆ„Çà„ÅÜ„Å™„Éï„Ç°„Ç§„É´„ÇÑ„Éá„Ç£„É¨„ÇØ„Éà„É™„ÅØ„ÅÇ„Çä„Åæ„Åõ„Çì
   24 | #include "isaac_ros_nitros/nitros_node.hpp"
      |          ^~~~~~~~~~~~~~~~~~~~~~~~~~~~~~~~~~
compilation terminated.
gmake[2]: *** [CMakeFiles/correlated_timestamp_driver_node.dir/build.make:76: CMakeFiles/correlated_timestamp_driver_node.dir/src/correlated_timestamp_driver_node.cpp.o] „Ç®„É©„Éº 1
gmake[1]: *** [CMakeFiles/Makefile2:139: CMakeFiles/correlated_timestamp_driver_node.dir/all] „Ç®„É©„Éº 2
gmake: *** [Makefile:146: all] „Ç®„É©„Éº 2
---
Failed   <<< isaac_ros_correlated_timestamp_driver [7.32s, exited with code 2]

Summary: 0 packages finished [9.33s]
  1 package failed: isaac_ros_correlated_timestamp_driver
  1 package had stderr output: isaac_ros_correlated_timestamp_driver
  10 packages not processed
not found: "/home/jetros/ros2_ws/install/isaac_ros_correlated_timestamp_driver/share/isaac_ros_correlated_timestamp_driver/local_setup.bash"
[0;32m[INFO][0m Stage 14: Building ZED ROS 2 Wrapper...
[1.740s] WARNING:colcon.colcon_core.package_selection:ignoring unknown package 'zed_interfaces' in --packages-select
[2.203s] WARNING:colcon.colcon_core.package_selection:Some selected packages are already built in one or more underlay workspaces:
	'zed_components' is in: /home/jetros/ros2_ws/install/zed_components
	'zed_wrapper' is in: /home/jetros/ros2_ws/install/zed_wrapper
If a package in a merged underlay workspace is overridden and it installs headers, then all packages in the overlay must sort their include directories by workspace order. Failure to do so may result in build failures or undefined behavior at run time.
If the overridden package is used by another package in any underlay, then the overriding package in the overlay must be API and ABI compatible or undefined behavior at run time may occur.

If you understand the risks and want to override a package anyways, add the following to the command line:
	--allow-overriding zed_components zed_wrapper

This may be promoted to an error in a future release of colcon-override-check.
Starting >>> zed_components
[Processing: zed_components]
[Processing: zed_components]
[Processing: zed_components]
[Processing: zed_components]
[Processing: zed_components]
Finished <<< zed_components [2min 38s]
Starting >>> zed_wrapper
Finished <<< zed_wrapper [2.44s]

Summary: 2 packages finished [2min 43s]
not found: "/home/jetros/ros2_ws/install/isaac_ros_correlated_timestamp_driver/share/isaac_ros_correlated_timestamp_driver/local_setup.bash"
[0;32m[INFO][0m Stage 15: Building remaining packages...
[2.199s] WARNING:colcon.colcon_core.package_selection:Some selected packages are already built in one or more underlay workspaces:
	'nav2_msgs' is in: /home/jetros/ros2_ws/install/nav2_msgs, /opt/ros/humble
If a package in a merged underlay workspace is overridden and it installs headers, then all packages in the overlay must sort their include directories by workspace order. Failure to do so may result in build failures or undefined behavior at run time.
If the overridden package is used by another package in any underlay, then the overriding package in the overlay must be API and ABI compatible or undefined behavior at run time may occur.

If you understand the risks and want to override a package anyways, add the following to the command line:
	--allow-overriding nav2_msgs

This may be promoted to an error in a future release of colcon-override-check.
Starting >>> isaac_ros_common
Finished <<< isaac_ros_common [1.59s]
Starting >>> nav2_common
Finished <<< nav2_common [2.31s]
Starting >>> nav2_msgs
[Processing: nav2_msgs]
[Processing: nav2_msgs]
Finished <<< nav2_msgs [1min 17s]
Starting >>> nav2_util
Finished <<< nav2_util [4.84s]
Starting >>> isaac_ros_test
Finished <<< isaac_ros_test [3.77s]
Starting >>> gxf_isaac_tensorops
--- stderr: gxf_isaac_tensorops
In file included from /home/jetros/ros2_ws/src/isaac_ros_image_pipeline/isaac_ros_gxf_extensions/gxf_isaac_tensorops/gxf/extensions/tensorops/components/BBoxGenerator.cpp:18:
/home/jetros/ros2_ws/src/isaac_ros_image_pipeline/isaac_ros_gxf_extensions/gxf_isaac_tensorops/gxf/extensions/tensorops/components/BBoxGenerator.hpp:20:10: fatal error: gxf/std/allocator.hpp: „Åù„ÅÆ„Çà„ÅÜ„Å™„Éï„Ç°„Ç§„É´„ÇÑ„Éá„Ç£„É¨„ÇØ„Éà„É™„ÅØ„ÅÇ„Çä„Åæ„Åõ„Çì
   20 | #include "gxf/std/allocator.hpp"
      |          ^~~~~~~~~~~~~~~~~~~~~~~
compilation terminated.
gmake[2]: *** [CMakeFiles/gxf_isaac_tensorops.dir/build.make:90: CMakeFiles/gxf_isaac_tensorops.dir/gxf/extensions/tensorops/components/BBoxGenerator.cpp.o] „Ç®„É©„Éº 1
gmake[2]: *** Êú™ÂÆå‰∫Ü„ÅÆ„Ç∏„Éß„Éñ„ÇíÂæÖ„Å£„Å¶„ÅÑ„Åæ„Åô....
In file included from /home/jetros/ros2_ws/src/isaac_ros_image_pipeline/isaac_ros_gxf_extensions/gxf_isaac_tensorops/gxf/extensions/tensorops/tensorops.cpp:17:
/home/jetros/ros2_ws/src/isaac_ros_image_pipeline/isaac_ros_gxf_extensions/gxf_isaac_tensorops/gxf/extensions/tensorops/components/BBoxGenerator.hpp:20:10: fatal error: gxf/std/allocator.hpp: „Åù„ÅÆ„Çà„ÅÜ„Å™„Éï„Ç°„Ç§„É´„ÇÑ„Éá„Ç£„É¨„ÇØ„Éà„É™„ÅØ„ÅÇ„Çä„Åæ„Åõ„Çì
   20 | #include "gxf/std/allocator.hpp"
      |          ^~~~~~~~~~~~~~~~~~~~~~~
compilation terminated.
gmake[2]: *** [CMakeFiles/gxf_isaac_tensorops.dir/build.make:76: CMakeFiles/gxf_isaac_tensorops.dir/gxf/extensions/tensorops/tensorops.cpp.o] „Ç®„É©„Éº 1
In file included from /home/jetros/ros2_ws/src/isaac_ros_image_pipeline/isaac_ros_gxf_extensions/gxf_isaac_tensorops/gxf/extensions/tensorops/components/Frame3D.cpp:18:
/home/jetros/ros2_ws/src/isaac_ros_image_pipeline/isaac_ros_gxf_extensions/gxf_isaac_tensorops/gxf/extensions/tensorops/components/Frame3D.hpp:20:10: fatal error: gxf/core/component.hpp: „Åù„ÅÆ„Çà„ÅÜ„Å™„Éï„Ç°„Ç§„É´„ÇÑ„Éá„Ç£„É¨„ÇØ„Éà„É™„ÅØ„ÅÇ„Çä„Åæ„Åõ„Çì
   20 | #include "gxf/core/component.hpp"
      |          ^~~~~~~~~~~~~~~~~~~~~~~~
compilation terminated.
gmake[2]: *** [CMakeFiles/gxf_isaac_tensorops.dir/build.make:146: CMakeFiles/gxf_isaac_tensorops.dir/gxf/extensions/tensorops/components/Frame3D.cpp.o] „Ç®„É©„Éº 1
In file included from /home/jetros/ros2_ws/src/isaac_ros_image_pipeline/isaac_ros_gxf_extensions/gxf_isaac_tensorops/gxf/extensions/tensorops/components/CameraModel.cpp:18:
/home/jetros/ros2_ws/src/isaac_ros_image_pipeline/isaac_ros_gxf_extensions/gxf_isaac_tensorops/gxf/extensions/tensorops/components/CameraModel.hpp:22:10: fatal error: gxf/core/component.hpp: „Åù„ÅÆ„Çà„ÅÜ„Å™„Éï„Ç°„Ç§„É´„ÇÑ„Éá„Ç£„É¨„ÇØ„Éà„É™„ÅØ„ÅÇ„Çä„Åæ„Åõ„Çì
   22 | #include "gxf/core/component.hpp"
      |          ^~~~~~~~~~~~~~~~~~~~~~~~
compilation terminated.
gmake[2]: *** [CMakeFiles/gxf_isaac_tensorops.dir/build.make:104: CMakeFiles/gxf_isaac_tensorops.dir/gxf/extensions/tensorops/components/CameraModel.cpp.o] „Ç®„É©„Éº 1
In file included from /home/jetros/ros2_ws/src/isaac_ros_image_pipeline/isaac_ros_gxf_extensions/gxf_isaac_tensorops/gxf/extensions/tensorops/components/detail/ImageAdapterTensorImpl.hpp:21,
                 from /home/jetros/ros2_ws/src/isaac_ros_image_pipeline/isaac_ros_gxf_extensions/gxf_isaac_tensorops/gxf/extensions/tensorops/components/ImageAdapter.hpp:21,
                 from /home/jetros/ros2_ws/src/isaac_ros_image_pipeline/isaac_ros_gxf_extensions/gxf_isaac_tensorops/gxf/extensions/tensorops/components/TensorOperator.hpp:20,
                 from /home/jetros/ros2_ws/src/isaac_ros_image_pipeline/isaac_ros_gxf_extensions/gxf_isaac_tensorops/gxf/extensions/tensorops/components/ConvertColorFormat.hpp:20,
                 from /home/jetros/ros2_ws/src/isaac_ros_image_pipeline/isaac_ros_gxf_extensions/gxf_isaac_tensorops/gxf/extensions/tensorops/components/ConvertColorFormat.cpp:17:
/home/jetros/ros2_ws/src/isaac_ros_image_pipeline/isaac_ros_gxf_extensions/gxf_isaac_tensorops/gxf/extensions/tensorops/components/ImageUtils.hpp:24:10: fatal error: gxf/core/expected.hpp: „Åù„ÅÆ„Çà„ÅÜ„Å™„Éï„Ç°„Ç§„É´„ÇÑ„Éá„Ç£„É¨„ÇØ„Éà„É™„ÅØ„ÅÇ„Çä„Åæ„Åõ„Çì
   24 | #include "gxf/core/expected.hpp"
      |          ^~~~~~~~~~~~~~~~~~~~~~~
compilation terminated.
gmake[2]: *** [CMakeFiles/gxf_isaac_tensorops.dir/build.make:118: CMakeFiles/gxf_isaac_tensorops.dir/gxf/extensions/tensorops/components/ConvertColorFormat.cpp.o] „Ç®„É©„Éº 1
In file included from /home/jetros/ros2_ws/src/isaac_ros_image_pipeline/isaac_ros_gxf_extensions/gxf_isaac_tensorops/gxf/extensions/tensorops/components/detail/ImageAdapterTensorImpl.hpp:21,
                 from /home/jetros/ros2_ws/src/isaac_ros_image_pipeline/isaac_ros_gxf_extensions/gxf_isaac_tensorops/gxf/extensions/tensorops/components/ImageAdapter.hpp:21,
                 from /home/jetros/ros2_ws/src/isaac_ros_image_pipeline/isaac_ros_gxf_extensions/gxf_isaac_tensorops/gxf/extensions/tensorops/components/TensorOperator.hpp:20,
                 from /home/jetros/ros2_ws/src/isaac_ros_image_pipeline/isaac_ros_gxf_extensions/gxf_isaac_tensorops/gxf/extensions/tensorops/components/CropAndResize.hpp:22,
                 from /home/jetros/ros2_ws/src/isaac_ros_image_pipeline/isaac_ros_gxf_extensions/gxf_isaac_tensorops/gxf/extensions/tensorops/components/CropAndResize.cpp:18:
/home/jetros/ros2_ws/src/isaac_ros_image_pipeline/isaac_ros_gxf_extensions/gxf_isaac_tensorops/gxf/extensions/tensorops/components/ImageUtils.hpp:24:10: fatal error: gxf/core/expected.hpp: „Åù„ÅÆ„Çà„ÅÜ„Å™„Éï„Ç°„Ç§„É´„ÇÑ„Éá„Ç£„É¨„ÇØ„Éà„É™„ÅØ„ÅÇ„Çä„Åæ„Åõ„Çì
   24 | #include "gxf/core/expected.hpp"
      |          ^~~~~~~~~~~~~~~~~~~~~~~
compilation terminated.
gmake[2]: *** [CMakeFiles/gxf_isaac_tensorops.dir/build.make:132: CMakeFiles/gxf_isaac_tensorops.dir/gxf/extensions/tensorops/components/CropAndResize.cpp.o] „Ç®„É©„Éº 1
In file included from /home/jetros/ros2_ws/src/isaac_ros_image_pipeline/isaac_ros_gxf_extensions/gxf_isaac_tensorops/gxf/extensions/tensorops/components/detail/ImageAdapterTensorImpl.hpp:21,
                 from /home/jetros/ros2_ws/src/isaac_ros_image_pipeline/isaac_ros_gxf_extensions/gxf_isaac_tensorops/gxf/extensions/tensorops/components/ImageAdapter.hpp:21,
                 from /home/jetros/ros2_ws/src/isaac_ros_image_pipeline/isaac_ros_gxf_extensions/gxf_isaac_tensorops/gxf/extensions/tensorops/components/ImageAdapter.cpp:17:
/home/jetros/ros2_ws/src/isaac_ros_image_pipeline/isaac_ros_gxf_extensions/gxf_isaac_tensorops/gxf/extensions/tensorops/components/ImageUtils.hpp:24:10: fatal error: gxf/core/expected.hpp: „Åù„ÅÆ„Çà„ÅÜ„Å™„Éï„Ç°„Ç§„É´„ÇÑ„Éá„Ç£„É¨„ÇØ„Éà„É™„ÅØ„ÅÇ„Çä„Åæ„Åõ„Çì
   24 | #include "gxf/core/expected.hpp"
      |          ^~~~~~~~~~~~~~~~~~~~~~~
compilation terminated.
gmake[2]: *** [CMakeFiles/gxf_isaac_tensorops.dir/build.make:160: CMakeFiles/gxf_isaac_tensorops.dir/gxf/extensions/tensorops/components/ImageAdapter.cpp.o] „Ç®„É©„Éº 1
gmake[1]: *** [CMakeFiles/Makefile2:139: CMakeFiles/gxf_isaac_tensorops.dir/all] „Ç®„É©„Éº 2
gmake: *** [Makefile:146: all] „Ç®„É©„Éº 2
---
Failed   <<< gxf_isaac_tensorops [6.92s, exited with code 2]

Summary: 5 packages finished [1min 39s]
  1 package failed: gxf_isaac_tensorops
  1 package had stderr output: gxf_isaac_tensorops
  206 packages not processed
[0;32m[INFO][0m Staged build completed successfully!
